#-----------------------------------------------------------
# Vivado v2019.2 (64-bit)
# SW Build 2708876 on Wed Nov  6 21:40:23 MST 2019
# IP Build 2700528 on Thu Nov  7 00:09:20 MST 2019
# Start of session at: Wed Dec 11 01:14:51 2024
# Process ID: 26480
# Current directory: C:/Users/A/Desktop/EDA234/THERMO
# Command line: vivado.exe -gui_launcher_event rodinguilauncherevent3848 C:\Users\A\Desktop\EDA234\THERMO\THERMO.xpr
# Log file: C:/Users/A/Desktop/EDA234/THERMO/vivado.log
# Journal file: C:/Users/A/Desktop/EDA234/THERMO\vivado.jou
#-----------------------------------------------------------
start_gui
open_project C:/Users/A/Desktop/EDA234/THERMO/THERMO.xpr
Scanning sources...
Finished scanning sources
INFO: [IP_Flow 19-234] Refreshing IP repositories
INFO: [IP_Flow 19-1704] No user IP repositories specified
INFO: [IP_Flow 19-2313] Loaded Vivado IP repository 'C:/Xilinx/Vivado/2019.2/data/ip'.
update_compile_order -fileset sources_1
update_compile_order -fileset sources_1
update_compile_order -fileset sources_1
add_files -norecurse {C:/Users/A/Desktop/EDA234/UART/UART_TX.vhd C:/Users/A/Desktop/EDA234/UART/UART_Top.vhd C:/Users/A/Desktop/EDA234/UART/fifo.vhd C:/Users/A/Desktop/EDA234/UART/UART_RX.vhd}
update_compile_order -fileset sources_1
reset_run synth_1
launch_runs impl_1 -to_step write_bitstream -jobs 20
INFO: [Vivado 12-4149] The synthesis checkpoint for IP 'C:/Users/A/Desktop/EDA234/THERMO/THERMO.srcs/sources_1/ip/temp_vi/temp_vi.xci' is already up-to-date
INFO: [Vivado 12-4149] The synthesis checkpoint for IP 'C:/Users/A/Desktop/EDA234/THERMO/THERMO.srcs/sources_1/ip/printf/printf.xci' is already up-to-date
[Wed Dec 11 01:18:00 2024] Launched synth_1...
Run output will be captured here: C:/Users/A/Desktop/EDA234/THERMO/THERMO.runs/synth_1/runme.log
[Wed Dec 11 01:18:00 2024] Launched impl_1...
Run output will be captured here: C:/Users/A/Desktop/EDA234/THERMO/THERMO.runs/impl_1/runme.log
open_hw_manager
connect_hw_server -allow_non_jtag
INFO: [Labtools 27-2285] Connecting to hw_server url TCP:localhost:3121
INFO: [Labtools 27-3415] Connecting to cs_server url TCP:localhost:3042
INFO: [Labtools 27-3414] Connected to existing cs_server.
open_hw_target
INFO: [Labtoolstcl 44-466] Opening hw_target localhost:3121/xilinx_tcf/Digilent/210292AE3C38A
set_property PROGRAM.FILE {C:/Users/A/Desktop/EDA234/THERMO/THERMO.runs/impl_1/top.bit} [get_hw_devices xc7a100t_0]
set_property PROBES.FILE {C:/Users/A/Desktop/EDA234/THERMO/THERMO.runs/impl_1/top.ltx} [get_hw_devices xc7a100t_0]
set_property FULL_PROBES.FILE {C:/Users/A/Desktop/EDA234/THERMO/THERMO.runs/impl_1/top.ltx} [get_hw_devices xc7a100t_0]
current_hw_device [get_hw_devices xc7a100t_0]
refresh_hw_device [lindex [get_hw_devices xc7a100t_0] 0]
INFO: [Labtools 27-1434] Device xc7a100t (JTAG device index = 0) is programmed with a design that has no supported debug core(s) in it.
WARNING: [Labtools 27-3361] The debug hub core was not detected.
Resolution: 
1. Make sure the clock connected to the debug hub (dbg_hub) core is a free running clock and is active.
2. Make sure the BSCAN_SWITCH_USER_MASK device property in Vivado Hardware Manager reflects the user scan chain setting in the design and refresh the device.  To determine the user scan chain setting in the design, open the implemented design and use 'get_property C_USER_SCAN_CHAIN [get_debug_cores dbg_hub]'.
For more details on setting the scan chain property, consult the Vivado Debug and Programming User Guide (UG908).
WARNING: [Labtools 27-3413] Dropping logic core with cellname:'print' at location 'uuid_04790ACFDCA15B95ABA87056273AC29F' from probes file, since it cannot be found on the programmed device.
WARNING: [Labtools 27-3413] Dropping logic core with cellname:'temp_top_inst/temp_virtua_probe1' at location 'uuid_2B2A2C1966155CF2A3F6D5E20A75667B' from probes file, since it cannot be found on the programmed device.
WARNING: [Labtools 27-3413] Dropping logic core with cellname:'temp_top_inst/temp_virtua_probe2' at location 'uuid_8D5940FDAFB55DBC870A0CD80CDFF0EC' from probes file, since it cannot be found on the programmed device.
WARNING: [Labtools 27-3413] Dropping logic core with cellname:'temp_top_inst/temp_virtua_probe0' at location 'uuid_E82581C639AB578EAF1094FF0D79EBB7' from probes file, since it cannot be found on the programmed device.
set_property PROBES.FILE {C:/Users/A/Desktop/EDA234/THERMO/THERMO.runs/impl_1/top.ltx} [get_hw_devices xc7a100t_0]
set_property FULL_PROBES.FILE {C:/Users/A/Desktop/EDA234/THERMO/THERMO.runs/impl_1/top.ltx} [get_hw_devices xc7a100t_0]
set_property PROGRAM.FILE {C:/Users/A/Desktop/EDA234/THERMO/THERMO.runs/impl_1/top.bit} [get_hw_devices xc7a100t_0]
program_hw_devices [get_hw_devices xc7a100t_0]
INFO: [Labtools 27-3164] End of startup status: HIGH
refresh_hw_device [lindex [get_hw_devices xc7a100t_0] 0]
INFO: [Labtools 27-2302] Device xc7a100t (JTAG device index = 0) is programmed with a design that has 4 VIO core(s).
reset_run synth_1
WARNING: [Vivado 12-1017] Problems encountered:
1. Failed to delete one or more files in run directory C:/Users/A/Desktop/EDA234/THERMO/THERMO.runs/synth_1

launch_runs impl_1 -to_step write_bitstream -jobs 20
INFO: [Vivado 12-4149] The synthesis checkpoint for IP 'C:/Users/A/Desktop/EDA234/THERMO/THERMO.srcs/sources_1/ip/temp_vi/temp_vi.xci' is already up-to-date
INFO: [Vivado 12-4149] The synthesis checkpoint for IP 'C:/Users/A/Desktop/EDA234/THERMO/THERMO.srcs/sources_1/ip/printf/printf.xci' is already up-to-date
[Wed Dec 11 01:23:35 2024] Launched synth_1...
Run output will be captured here: C:/Users/A/Desktop/EDA234/THERMO/THERMO.runs/synth_1/runme.log
[Wed Dec 11 01:23:35 2024] Launched impl_1...
Run output will be captured here: C:/Users/A/Desktop/EDA234/THERMO/THERMO.runs/impl_1/runme.log
reset_run synth_1
WARNING: [Vivado 12-1017] Problems encountered:
1. Failed to delete one or more files in run directory C:/Users/A/Desktop/EDA234/THERMO/THERMO.runs/synth_1

launch_runs impl_1 -to_step write_bitstream -jobs 20
INFO: [Vivado 12-4149] The synthesis checkpoint for IP 'C:/Users/A/Desktop/EDA234/THERMO/THERMO.srcs/sources_1/ip/temp_vi/temp_vi.xci' is already up-to-date
INFO: [Vivado 12-4149] The synthesis checkpoint for IP 'C:/Users/A/Desktop/EDA234/THERMO/THERMO.srcs/sources_1/ip/printf/printf.xci' is already up-to-date
[Wed Dec 11 01:24:48 2024] Launched synth_1...
Run output will be captured here: C:/Users/A/Desktop/EDA234/THERMO/THERMO.runs/synth_1/runme.log
[Wed Dec 11 01:24:48 2024] Launched impl_1...
Run output will be captured here: C:/Users/A/Desktop/EDA234/THERMO/THERMO.runs/impl_1/runme.log
set_property PROBES.FILE {C:/Users/A/Desktop/EDA234/THERMO/THERMO.runs/impl_1/top.ltx} [get_hw_devices xc7a100t_0]
set_property FULL_PROBES.FILE {C:/Users/A/Desktop/EDA234/THERMO/THERMO.runs/impl_1/top.ltx} [get_hw_devices xc7a100t_0]
set_property PROGRAM.FILE {C:/Users/A/Desktop/EDA234/THERMO/THERMO.runs/impl_1/top.bit} [get_hw_devices xc7a100t_0]
program_hw_devices [get_hw_devices xc7a100t_0]
INFO: [Labtools 27-3164] End of startup status: HIGH
refresh_hw_device [lindex [get_hw_devices xc7a100t_0] 0]
INFO: [Labtools 27-2302] Device xc7a100t (JTAG device index = 0) is programmed with a design that has 4 VIO core(s).
reset_run synth_1
WARNING: [Vivado 12-1017] Problems encountered:
1. Failed to delete one or more files in run directory C:/Users/A/Desktop/EDA234/THERMO/THERMO.runs/synth_1

launch_runs impl_1 -to_step write_bitstream -jobs 20
INFO: [Vivado 12-4149] The synthesis checkpoint for IP 'C:/Users/A/Desktop/EDA234/THERMO/THERMO.srcs/sources_1/ip/temp_vi/temp_vi.xci' is already up-to-date
INFO: [Vivado 12-4149] The synthesis checkpoint for IP 'C:/Users/A/Desktop/EDA234/THERMO/THERMO.srcs/sources_1/ip/printf/printf.xci' is already up-to-date
[Wed Dec 11 01:28:28 2024] Launched synth_1...
Run output will be captured here: C:/Users/A/Desktop/EDA234/THERMO/THERMO.runs/synth_1/runme.log
[Wed Dec 11 01:28:28 2024] Launched impl_1...
Run output will be captured here: C:/Users/A/Desktop/EDA234/THERMO/THERMO.runs/impl_1/runme.log
set_property PROBES.FILE {C:/Users/A/Desktop/EDA234/THERMO/THERMO.runs/impl_1/top.ltx} [get_hw_devices xc7a100t_0]
set_property FULL_PROBES.FILE {C:/Users/A/Desktop/EDA234/THERMO/THERMO.runs/impl_1/top.ltx} [get_hw_devices xc7a100t_0]
set_property PROGRAM.FILE {C:/Users/A/Desktop/EDA234/THERMO/THERMO.runs/impl_1/top.bit} [get_hw_devices xc7a100t_0]
program_hw_devices [get_hw_devices xc7a100t_0]
INFO: [Labtools 27-3164] End of startup status: HIGH
refresh_hw_device [lindex [get_hw_devices xc7a100t_0] 0]
INFO: [Labtools 27-2302] Device xc7a100t (JTAG device index = 0) is programmed with a design that has 4 VIO core(s).
set_property INPUT_VALUE_RADIX UNSIGNED [get_hw_probes wire_uart_data -of_objects [get_hw_vios -of_objects [get_hw_devices xc7a100t_0] -filter {CELL_NAME=~"print"}]]
set_property INPUT_VALUE_RADIX BINARY [get_hw_probes wire_uart_data -of_objects [get_hw_vios -of_objects [get_hw_devices xc7a100t_0] -filter {CELL_NAME=~"print"}]]
set_property PROBES.FILE {C:/Users/A/Desktop/EDA234/THERMO/THERMO.runs/impl_1/top.ltx} [get_hw_devices xc7a100t_0]
set_property FULL_PROBES.FILE {C:/Users/A/Desktop/EDA234/THERMO/THERMO.runs/impl_1/top.ltx} [get_hw_devices xc7a100t_0]
set_property PROGRAM.FILE {C:/Users/A/Desktop/EDA234/THERMO/THERMO.runs/impl_1/top.bit} [get_hw_devices xc7a100t_0]
program_hw_devices [get_hw_devices xc7a100t_0]
INFO: [Labtools 27-3164] End of startup status: HIGH
refresh_hw_device [lindex [get_hw_devices xc7a100t_0] 0]
INFO: [Labtools 27-2302] Device xc7a100t (JTAG device index = 0) is programmed with a design that has 4 VIO core(s).
