#-----------------------------------------------------------
# Vivado v2019.2 (64-bit)
# SW Build 2708876 on Wed Nov  6 21:40:23 MST 2019
# IP Build 2700528 on Thu Nov  7 00:09:20 MST 2019
# Start of session at: Thu Dec 19 16:40:57 2024
# Process ID: 14332
# Current directory: C:/Users/A/Desktop/EDA234/THERMO
# Command line: vivado.exe -gui_launcher_event rodinguilauncherevent15600 C:\Users\A\Desktop\EDA234\THERMO\THERMO.xpr
# Log file: C:/Users/A/Desktop/EDA234/THERMO/vivado.log
# Journal file: C:/Users/A/Desktop/EDA234/THERMO\vivado.jou
#-----------------------------------------------------------
start_gui
open_project C:/Users/A/Desktop/EDA234/THERMO/THERMO.xpr
Scanning sources...
Finished scanning sources
INFO: [IP_Flow 19-234] Refreshing IP repositories
INFO: [IP_Flow 19-1704] No user IP repositories specified
INFO: [IP_Flow 19-2313] Loaded Vivado IP repository 'C:/Xilinx/Vivado/2019.2/data/ip'.
update_compile_order -fileset sources_1
set_property is_enabled false [get_files  C:/Users/A/Desktop/EDA234/THERMO/THERMO.srcs/sources_1/ip/temp_vi/temp_vi.xci]
add_files -norecurse {C:/Users/A/Desktop/EDA234/SDRAM/DDR2.vhdl C:/Users/A/Desktop/EDA234/SDRAM/mem_ctrl.vhdl C:/Users/A/Desktop/EDA234/SDRAM/Ram2Ddr.vhd}
update_compile_order -fileset sources_1
create_ip -name clk_wiz -vendor xilinx.com -library ip -version 6.0 -module_name clk_wiz -dir c:/Users/A/Desktop/EDA234/THERMO/THERMO.srcs/sources_1/ip
set_property -dict [list CONFIG.Component_Name {clk_wiz} CONFIG.CLKOUT2_USED {true} CONFIG.CLKOUT2_REQUESTED_OUT_FREQ {200.000} CONFIG.USE_RESET {false} CONFIG.MMCM_CLKOUT1_DIVIDE {5} CONFIG.NUM_OUT_CLKS {2} CONFIG.CLKOUT2_JITTER {114.829} CONFIG.CLKOUT2_PHASE_ERROR {98.575}] [get_ips clk_wiz]
WARNING: [Vivado 12-3523] Attempt to change 'Component_Name' from 'clk_wiz' to 'clk_wiz' is not allowed and is ignored.
generate_target {instantiation_template} [get_files c:/Users/A/Desktop/EDA234/THERMO/THERMO.srcs/sources_1/ip/clk_wiz/clk_wiz.xci]
INFO: [IP_Flow 19-1686] Generating 'Instantiation Template' target for IP 'clk_wiz'...
update_compile_order -fileset sources_1
generate_target all [get_files  c:/Users/A/Desktop/EDA234/THERMO/THERMO.srcs/sources_1/ip/clk_wiz/clk_wiz.xci]
INFO: [IP_Flow 19-1686] Generating 'Synthesis' target for IP 'clk_wiz'...
INFO: [IP_Flow 19-1686] Generating 'Simulation' target for IP 'clk_wiz'...
INFO: [IP_Flow 19-1686] Generating 'Implementation' target for IP 'clk_wiz'...
INFO: [IP_Flow 19-1686] Generating 'Change Log' target for IP 'clk_wiz'...
catch { config_ip_cache -export [get_ips -all clk_wiz] }
export_ip_user_files -of_objects [get_files c:/Users/A/Desktop/EDA234/THERMO/THERMO.srcs/sources_1/ip/clk_wiz/clk_wiz.xci] -no_script -sync -force -quiet
create_ip_run [get_files -of_objects [get_fileset sources_1] c:/Users/A/Desktop/EDA234/THERMO/THERMO.srcs/sources_1/ip/clk_wiz/clk_wiz.xci]
launch_runs -jobs 20 clk_wiz_synth_1
[Thu Dec 19 18:47:05 2024] Launched clk_wiz_synth_1...
Run output will be captured here: C:/Users/A/Desktop/EDA234/THERMO/THERMO.runs/clk_wiz_synth_1/runme.log
export_simulation -of_objects [get_files c:/Users/A/Desktop/EDA234/THERMO/THERMO.srcs/sources_1/ip/clk_wiz/clk_wiz.xci] -directory C:/Users/A/Desktop/EDA234/THERMO/THERMO.ip_user_files/sim_scripts -ip_user_files_dir C:/Users/A/Desktop/EDA234/THERMO/THERMO.ip_user_files -ipstatic_source_dir C:/Users/A/Desktop/EDA234/THERMO/THERMO.ip_user_files/ipstatic -lib_map_path [list {modelsim=C:/Xilinx/Xlib} {questa=C:/Users/A/Desktop/EDA234/THERMO/THERMO.cache/compile_simlib/questa} {riviera=C:/Users/A/Desktop/EDA234/THERMO/THERMO.cache/compile_simlib/riviera} {activehdl=C:/Users/A/Desktop/EDA234/THERMO/THERMO.cache/compile_simlib/activehdl}] -use_ip_compiled_libs -force -quiet
create_ip -name mig_7series -vendor xilinx.com -library ip -version 4.2 -module_name MIG
set_property -dict [list CONFIG.XML_INPUT_FILE {mig_a.prj} CONFIG.RESET_BOARD_INTERFACE {Custom} CONFIG.MIG_DONT_TOUCH_PARAM {Custom} CONFIG.BOARD_MIG_PARAM {Custom} CONFIG.SYSTEM_RESET.INSERT_VIP {0} CONFIG.CLK_REF_I.INSERT_VIP {0} CONFIG.RESET.INSERT_VIP {0} CONFIG.DDR3_RESET.INSERT_VIP {0} CONFIG.DDR2_RESET.INSERT_VIP {0} CONFIG.LPDDR2_RESET.INSERT_VIP {0} CONFIG.QDRIIP_RESET.INSERT_VIP {0} CONFIG.RLDII_RESET.INSERT_VIP {0} CONFIG.RLDIII_RESET.INSERT_VIP {0} CONFIG.CLOCK.INSERT_VIP {0} CONFIG.MMCM_CLKOUT0.INSERT_VIP {0} CONFIG.MMCM_CLKOUT1.INSERT_VIP {0} CONFIG.MMCM_CLKOUT2.INSERT_VIP {0} CONFIG.MMCM_CLKOUT3.INSERT_VIP {0} CONFIG.MMCM_CLKOUT4.INSERT_VIP {0} CONFIG.S_AXI_CTRL.INSERT_VIP {0} CONFIG.S_AXI.INSERT_VIP {0} CONFIG.SYS_CLK_I.INSERT_VIP {0} CONFIG.ARESETN.INSERT_VIP {0} CONFIG.C0_RESET.INSERT_VIP {0} CONFIG.C0_DDR3_RESET.INSERT_VIP {0} CONFIG.C0_DDR2_RESET.INSERT_VIP {0} CONFIG.C0_LPDDR2_RESET.INSERT_VIP {0} CONFIG.C0_QDRIIP_RESET.INSERT_VIP {0} CONFIG.C0_RLDII_RESET.INSERT_VIP {0} CONFIG.C0_RLDIII_RESET.INSERT_VIP {0} CONFIG.C0_CLOCK.INSERT_VIP {0} CONFIG.C0_MMCM_CLKOUT0.INSERT_VIP {0} CONFIG.C0_MMCM_CLKOUT1.INSERT_VIP {0} CONFIG.C0_MMCM_CLKOUT2.INSERT_VIP {0} CONFIG.C0_MMCM_CLKOUT3.INSERT_VIP {0} CONFIG.C0_MMCM_CLKOUT4.INSERT_VIP {0} CONFIG.S0_AXI_CTRL.INSERT_VIP {0} CONFIG.S0_AXI.INSERT_VIP {0} CONFIG.C0_SYS_CLK_I.INSERT_VIP {0} CONFIG.C0_ARESETN.INSERT_VIP {0} CONFIG.C1_RESET.INSERT_VIP {0} CONFIG.C1_DDR3_RESET.INSERT_VIP {0} CONFIG.C1_DDR2_RESET.INSERT_VIP {0} CONFIG.C1_LPDDR2_RESET.INSERT_VIP {0} CONFIG.C1_QDRIIP_RESET.INSERT_VIP {0} CONFIG.C1_RLDII_RESET.INSERT_VIP {0} CONFIG.C1_RLDIII_RESET.INSERT_VIP {0} CONFIG.C1_CLOCK.INSERT_VIP {0} CONFIG.C1_MMCM_CLKOUT0.INSERT_VIP {0} CONFIG.C1_MMCM_CLKOUT1.INSERT_VIP {0} CONFIG.C1_MMCM_CLKOUT2.INSERT_VIP {0} CONFIG.C1_MMCM_CLKOUT3.INSERT_VIP {0} CONFIG.C1_MMCM_CLKOUT4.INSERT_VIP {0} CONFIG.S1_AXI_CTRL.INSERT_VIP {0} CONFIG.S1_AXI.INSERT_VIP {0} CONFIG.C1_SYS_CLK_I.INSERT_VIP {0} CONFIG.C1_ARESETN.INSERT_VIP {0} CONFIG.C2_RESET.INSERT_VIP {0} CONFIG.C2_DDR3_RESET.INSERT_VIP {0} CONFIG.C2_DDR2_RESET.INSERT_VIP {0} CONFIG.C2_LPDDR2_RESET.INSERT_VIP {0} CONFIG.C2_QDRIIP_RESET.INSERT_VIP {0} CONFIG.C2_RLDII_RESET.INSERT_VIP {0} CONFIG.C2_RLDIII_RESET.INSERT_VIP {0} CONFIG.C2_CLOCK.INSERT_VIP {0} CONFIG.C2_MMCM_CLKOUT0.INSERT_VIP {0} CONFIG.C2_MMCM_CLKOUT1.INSERT_VIP {0} CONFIG.C2_MMCM_CLKOUT2.INSERT_VIP {0} CONFIG.C2_MMCM_CLKOUT3.INSERT_VIP {0} CONFIG.C2_MMCM_CLKOUT4.INSERT_VIP {0} CONFIG.S2_AXI_CTRL.INSERT_VIP {0} CONFIG.S2_AXI.INSERT_VIP {0} CONFIG.C2_SYS_CLK_I.INSERT_VIP {0} CONFIG.C2_ARESETN.INSERT_VIP {0} CONFIG.C3_RESET.INSERT_VIP {0} CONFIG.C3_DDR3_RESET.INSERT_VIP {0} CONFIG.C3_DDR2_RESET.INSERT_VIP {0} CONFIG.C3_LPDDR2_RESET.INSERT_VIP {0} CONFIG.C3_QDRIIP_RESET.INSERT_VIP {0} CONFIG.C3_RLDII_RESET.INSERT_VIP {0} CONFIG.C3_RLDIII_RESET.INSERT_VIP {0} CONFIG.C3_CLOCK.INSERT_VIP {0} CONFIG.C3_MMCM_CLKOUT0.INSERT_VIP {0} CONFIG.C3_MMCM_CLKOUT1.INSERT_VIP {0} CONFIG.C3_MMCM_CLKOUT2.INSERT_VIP {0} CONFIG.C3_MMCM_CLKOUT3.INSERT_VIP {0} CONFIG.C3_MMCM_CLKOUT4.INSERT_VIP {0} CONFIG.S3_AXI_CTRL.INSERT_VIP {0} CONFIG.S3_AXI.INSERT_VIP {0} CONFIG.C3_SYS_CLK_I.INSERT_VIP {0} CONFIG.C3_ARESETN.INSERT_VIP {0} CONFIG.C4_RESET.INSERT_VIP {0} CONFIG.C4_DDR3_RESET.INSERT_VIP {0} CONFIG.C4_DDR2_RESET.INSERT_VIP {0} CONFIG.C4_LPDDR2_RESET.INSERT_VIP {0} CONFIG.C4_QDRIIP_RESET.INSERT_VIP {0} CONFIG.C4_RLDII_RESET.INSERT_VIP {0} CONFIG.C4_RLDIII_RESET.INSERT_VIP {0} CONFIG.C4_CLOCK.INSERT_VIP {0} CONFIG.C4_MMCM_CLKOUT0.INSERT_VIP {0} CONFIG.C4_MMCM_CLKOUT1.INSERT_VIP {0} CONFIG.C4_MMCM_CLKOUT2.INSERT_VIP {0} CONFIG.C4_MMCM_CLKOUT3.INSERT_VIP {0} CONFIG.C4_MMCM_CLKOUT4.INSERT_VIP {0} CONFIG.S4_AXI_CTRL.INSERT_VIP {0} CONFIG.S4_AXI.INSERT_VIP {0} CONFIG.C4_SYS_CLK_I.INSERT_VIP {0} CONFIG.C4_ARESETN.INSERT_VIP {0} CONFIG.C5_RESET.INSERT_VIP {0} CONFIG.C5_DDR3_RESET.INSERT_VIP {0} CONFIG.C5_DDR2_RESET.INSERT_VIP {0} CONFIG.C5_LPDDR2_RESET.INSERT_VIP {0} CONFIG.C5_QDRIIP_RESET.INSERT_VIP {0} CONFIG.C5_RLDII_RESET.INSERT_VIP {0} CONFIG.C5_RLDIII_RESET.INSERT_VIP {0} CONFIG.C5_CLOCK.INSERT_VIP {0} CONFIG.C5_MMCM_CLKOUT0.INSERT_VIP {0} CONFIG.C5_MMCM_CLKOUT1.INSERT_VIP {0} CONFIG.C5_MMCM_CLKOUT2.INSERT_VIP {0} CONFIG.C5_MMCM_CLKOUT3.INSERT_VIP {0} CONFIG.C5_MMCM_CLKOUT4.INSERT_VIP {0} CONFIG.S5_AXI_CTRL.INSERT_VIP {0} CONFIG.S5_AXI.INSERT_VIP {0} CONFIG.C5_SYS_CLK_I.INSERT_VIP {0} CONFIG.C5_ARESETN.INSERT_VIP {0} CONFIG.C6_RESET.INSERT_VIP {0} CONFIG.C6_DDR3_RESET.INSERT_VIP {0} CONFIG.C6_DDR2_RESET.INSERT_VIP {0} CONFIG.C6_LPDDR2_RESET.INSERT_VIP {0} CONFIG.C6_QDRIIP_RESET.INSERT_VIP {0} CONFIG.C6_RLDII_RESET.INSERT_VIP {0} CONFIG.C6_RLDIII_RESET.INSERT_VIP {0} CONFIG.C6_CLOCK.INSERT_VIP {0} CONFIG.C6_MMCM_CLKOUT0.INSERT_VIP {0} CONFIG.C6_MMCM_CLKOUT1.INSERT_VIP {0} CONFIG.C6_MMCM_CLKOUT2.INSERT_VIP {0} CONFIG.C6_MMCM_CLKOUT3.INSERT_VIP {0} CONFIG.C6_MMCM_CLKOUT4.INSERT_VIP {0} CONFIG.S6_AXI_CTRL.INSERT_VIP {0} CONFIG.S6_AXI.INSERT_VIP {0} CONFIG.C6_SYS_CLK_I.INSERT_VIP {0} CONFIG.C6_ARESETN.INSERT_VIP {0} CONFIG.C7_RESET.INSERT_VIP {0} CONFIG.C7_DDR3_RESET.INSERT_VIP {0} CONFIG.C7_DDR2_RESET.INSERT_VIP {0} CONFIG.C7_LPDDR2_RESET.INSERT_VIP {0} CONFIG.C7_QDRIIP_RESET.INSERT_VIP {0} CONFIG.C7_RLDII_RESET.INSERT_VIP {0} CONFIG.C7_RLDIII_RESET.INSERT_VIP {0} CONFIG.C7_CLOCK.INSERT_VIP {0} CONFIG.C7_MMCM_CLKOUT0.INSERT_VIP {0} CONFIG.C7_MMCM_CLKOUT1.INSERT_VIP {0} CONFIG.C7_MMCM_CLKOUT2.INSERT_VIP {0} CONFIG.C7_MMCM_CLKOUT3.INSERT_VIP {0} CONFIG.C7_MMCM_CLKOUT4.INSERT_VIP {0} CONFIG.S7_AXI_CTRL.INSERT_VIP {0} CONFIG.S7_AXI.INSERT_VIP {0} CONFIG.C7_SYS_CLK_I.INSERT_VIP {0} CONFIG.C7_ARESETN.INSERT_VIP {0}] [get_ips MIG]
generate_target {instantiation_template} [get_files c:/Users/A/Desktop/EDA234/THERMO/THERMO.srcs/sources_1/ip/MIG/MIG.xci]
INFO: [IP_Flow 19-1686] Generating 'Instantiation Template' target for IP 'MIG'...
update_compile_order -fileset sources_1
generate_target all [get_files  c:/Users/A/Desktop/EDA234/THERMO/THERMO.srcs/sources_1/ip/MIG/MIG.xci]
INFO: [IP_Flow 19-1686] Generating 'Synthesis' target for IP 'MIG'...
INFO: [IP_Flow 19-1686] Generating 'Simulation' target for IP 'MIG'...
INFO: [IP_Flow 19-1686] Generating 'Implementation' target for IP 'MIG'...
INFO: [IP_Flow 19-1686] Generating 'Change Log' target for IP 'MIG'...
generate_target: Time (s): cpu = 00:00:09 ; elapsed = 00:00:11 . Memory (MB): peak = 1587.336 ; gain = 215.137
catch { config_ip_cache -export [get_ips -all MIG] }
export_ip_user_files -of_objects [get_files c:/Users/A/Desktop/EDA234/THERMO/THERMO.srcs/sources_1/ip/MIG/MIG.xci] -no_script -sync -force -quiet
create_ip_run [get_files -of_objects [get_fileset sources_1] c:/Users/A/Desktop/EDA234/THERMO/THERMO.srcs/sources_1/ip/MIG/MIG.xci]
launch_runs -jobs 20 MIG_synth_1
[Thu Dec 19 18:50:50 2024] Launched MIG_synth_1...
Run output will be captured here: C:/Users/A/Desktop/EDA234/THERMO/THERMO.runs/MIG_synth_1/runme.log
export_simulation -of_objects [get_files c:/Users/A/Desktop/EDA234/THERMO/THERMO.srcs/sources_1/ip/MIG/MIG.xci] -directory C:/Users/A/Desktop/EDA234/THERMO/THERMO.ip_user_files/sim_scripts -ip_user_files_dir C:/Users/A/Desktop/EDA234/THERMO/THERMO.ip_user_files -ipstatic_source_dir C:/Users/A/Desktop/EDA234/THERMO/THERMO.ip_user_files/ipstatic -lib_map_path [list {modelsim=C:/Xilinx/Xlib} {questa=C:/Users/A/Desktop/EDA234/THERMO/THERMO.cache/compile_simlib/questa} {riviera=C:/Users/A/Desktop/EDA234/THERMO/THERMO.cache/compile_simlib/riviera} {activehdl=C:/Users/A/Desktop/EDA234/THERMO/THERMO.cache/compile_simlib/activehdl}] -use_ip_compiled_libs -force -quiet
update_compile_order -fileset sources_1
update_compile_order -fileset sources_1
update_compile_order -fileset sources_1
update_compile_order -fileset sources_1
update_compile_order -fileset sources_1
open_hw_manager
reset_run synth_1
launch_runs impl_1 -to_step write_bitstream -jobs 20
INFO: [Vivado 12-4149] The synthesis checkpoint for IP 'C:/Users/A/Desktop/EDA234/THERMO/THERMO.srcs/sources_1/ip/printf/printf.xci' is already up-to-date
[Thu Dec 19 19:03:38 2024] Launched synth_1...
Run output will be captured here: C:/Users/A/Desktop/EDA234/THERMO/THERMO.runs/synth_1/runme.log
[Thu Dec 19 19:03:38 2024] Launched impl_1...
Run output will be captured here: C:/Users/A/Desktop/EDA234/THERMO/THERMO.runs/impl_1/runme.log
reset_run synth_1
launch_runs impl_1 -to_step write_bitstream -jobs 20
INFO: [Vivado 12-4149] The synthesis checkpoint for IP 'C:/Users/A/Desktop/EDA234/THERMO/THERMO.srcs/sources_1/ip/printf/printf.xci' is already up-to-date
[Thu Dec 19 19:06:17 2024] Launched synth_1...
Run output will be captured here: C:/Users/A/Desktop/EDA234/THERMO/THERMO.runs/synth_1/runme.log
[Thu Dec 19 19:06:17 2024] Launched impl_1...
Run output will be captured here: C:/Users/A/Desktop/EDA234/THERMO/THERMO.runs/impl_1/runme.log
close_hw_manager
set_property -dict [list CONFIG.XML_INPUT_FILE {mig_b.prj} CONFIG.RESET_BOARD_INTERFACE {Custom} CONFIG.MIG_DONT_TOUCH_PARAM {Custom} CONFIG.BOARD_MIG_PARAM {Custom} CONFIG.SYSTEM_RESET.INSERT_VIP {0} CONFIG.CLK_REF_I.INSERT_VIP {0} CONFIG.RESET.INSERT_VIP {0} CONFIG.DDR3_RESET.INSERT_VIP {0} CONFIG.DDR2_RESET.INSERT_VIP {0} CONFIG.LPDDR2_RESET.INSERT_VIP {0} CONFIG.QDRIIP_RESET.INSERT_VIP {0} CONFIG.RLDII_RESET.INSERT_VIP {0} CONFIG.RLDIII_RESET.INSERT_VIP {0} CONFIG.CLOCK.INSERT_VIP {0} CONFIG.MMCM_CLKOUT0.INSERT_VIP {0} CONFIG.MMCM_CLKOUT1.INSERT_VIP {0} CONFIG.MMCM_CLKOUT2.INSERT_VIP {0} CONFIG.MMCM_CLKOUT3.INSERT_VIP {0} CONFIG.MMCM_CLKOUT4.INSERT_VIP {0} CONFIG.S_AXI_CTRL.INSERT_VIP {0} CONFIG.S_AXI.INSERT_VIP {0} CONFIG.SYS_CLK_I.INSERT_VIP {0} CONFIG.ARESETN.INSERT_VIP {0} CONFIG.C0_RESET.INSERT_VIP {0} CONFIG.C0_DDR3_RESET.INSERT_VIP {0} CONFIG.C0_DDR2_RESET.INSERT_VIP {0} CONFIG.C0_LPDDR2_RESET.INSERT_VIP {0} CONFIG.C0_QDRIIP_RESET.INSERT_VIP {0} CONFIG.C0_RLDII_RESET.INSERT_VIP {0} CONFIG.C0_RLDIII_RESET.INSERT_VIP {0} CONFIG.C0_CLOCK.INSERT_VIP {0} CONFIG.C0_MMCM_CLKOUT0.INSERT_VIP {0} CONFIG.C0_MMCM_CLKOUT1.INSERT_VIP {0} CONFIG.C0_MMCM_CLKOUT2.INSERT_VIP {0} CONFIG.C0_MMCM_CLKOUT3.INSERT_VIP {0} CONFIG.C0_MMCM_CLKOUT4.INSERT_VIP {0} CONFIG.S0_AXI_CTRL.INSERT_VIP {0} CONFIG.S0_AXI.INSERT_VIP {0} CONFIG.C0_SYS_CLK_I.INSERT_VIP {0} CONFIG.C0_ARESETN.INSERT_VIP {0} CONFIG.C1_RESET.INSERT_VIP {0} CONFIG.C1_DDR3_RESET.INSERT_VIP {0} CONFIG.C1_DDR2_RESET.INSERT_VIP {0} CONFIG.C1_LPDDR2_RESET.INSERT_VIP {0} CONFIG.C1_QDRIIP_RESET.INSERT_VIP {0} CONFIG.C1_RLDII_RESET.INSERT_VIP {0} CONFIG.C1_RLDIII_RESET.INSERT_VIP {0} CONFIG.C1_CLOCK.INSERT_VIP {0} CONFIG.C1_MMCM_CLKOUT0.INSERT_VIP {0} CONFIG.C1_MMCM_CLKOUT1.INSERT_VIP {0} CONFIG.C1_MMCM_CLKOUT2.INSERT_VIP {0} CONFIG.C1_MMCM_CLKOUT3.INSERT_VIP {0} CONFIG.C1_MMCM_CLKOUT4.INSERT_VIP {0} CONFIG.S1_AXI_CTRL.INSERT_VIP {0} CONFIG.S1_AXI.INSERT_VIP {0} CONFIG.C1_SYS_CLK_I.INSERT_VIP {0} CONFIG.C1_ARESETN.INSERT_VIP {0} CONFIG.C2_RESET.INSERT_VIP {0} CONFIG.C2_DDR3_RESET.INSERT_VIP {0} CONFIG.C2_DDR2_RESET.INSERT_VIP {0} CONFIG.C2_LPDDR2_RESET.INSERT_VIP {0} CONFIG.C2_QDRIIP_RESET.INSERT_VIP {0} CONFIG.C2_RLDII_RESET.INSERT_VIP {0} CONFIG.C2_RLDIII_RESET.INSERT_VIP {0} CONFIG.C2_CLOCK.INSERT_VIP {0} CONFIG.C2_MMCM_CLKOUT0.INSERT_VIP {0} CONFIG.C2_MMCM_CLKOUT1.INSERT_VIP {0} CONFIG.C2_MMCM_CLKOUT2.INSERT_VIP {0} CONFIG.C2_MMCM_CLKOUT3.INSERT_VIP {0} CONFIG.C2_MMCM_CLKOUT4.INSERT_VIP {0} CONFIG.S2_AXI_CTRL.INSERT_VIP {0} CONFIG.S2_AXI.INSERT_VIP {0} CONFIG.C2_SYS_CLK_I.INSERT_VIP {0} CONFIG.C2_ARESETN.INSERT_VIP {0} CONFIG.C3_RESET.INSERT_VIP {0} CONFIG.C3_DDR3_RESET.INSERT_VIP {0} CONFIG.C3_DDR2_RESET.INSERT_VIP {0} CONFIG.C3_LPDDR2_RESET.INSERT_VIP {0} CONFIG.C3_QDRIIP_RESET.INSERT_VIP {0} CONFIG.C3_RLDII_RESET.INSERT_VIP {0} CONFIG.C3_RLDIII_RESET.INSERT_VIP {0} CONFIG.C3_CLOCK.INSERT_VIP {0} CONFIG.C3_MMCM_CLKOUT0.INSERT_VIP {0} CONFIG.C3_MMCM_CLKOUT1.INSERT_VIP {0} CONFIG.C3_MMCM_CLKOUT2.INSERT_VIP {0} CONFIG.C3_MMCM_CLKOUT3.INSERT_VIP {0} CONFIG.C3_MMCM_CLKOUT4.INSERT_VIP {0} CONFIG.S3_AXI_CTRL.INSERT_VIP {0} CONFIG.S3_AXI.INSERT_VIP {0} CONFIG.C3_SYS_CLK_I.INSERT_VIP {0} CONFIG.C3_ARESETN.INSERT_VIP {0} CONFIG.C4_RESET.INSERT_VIP {0} CONFIG.C4_DDR3_RESET.INSERT_VIP {0} CONFIG.C4_DDR2_RESET.INSERT_VIP {0} CONFIG.C4_LPDDR2_RESET.INSERT_VIP {0} CONFIG.C4_QDRIIP_RESET.INSERT_VIP {0} CONFIG.C4_RLDII_RESET.INSERT_VIP {0} CONFIG.C4_RLDIII_RESET.INSERT_VIP {0} CONFIG.C4_CLOCK.INSERT_VIP {0} CONFIG.C4_MMCM_CLKOUT0.INSERT_VIP {0} CONFIG.C4_MMCM_CLKOUT1.INSERT_VIP {0} CONFIG.C4_MMCM_CLKOUT2.INSERT_VIP {0} CONFIG.C4_MMCM_CLKOUT3.INSERT_VIP {0} CONFIG.C4_MMCM_CLKOUT4.INSERT_VIP {0} CONFIG.S4_AXI_CTRL.INSERT_VIP {0} CONFIG.S4_AXI.INSERT_VIP {0} CONFIG.C4_SYS_CLK_I.INSERT_VIP {0} CONFIG.C4_ARESETN.INSERT_VIP {0} CONFIG.C5_RESET.INSERT_VIP {0} CONFIG.C5_DDR3_RESET.INSERT_VIP {0} CONFIG.C5_DDR2_RESET.INSERT_VIP {0} CONFIG.C5_LPDDR2_RESET.INSERT_VIP {0} CONFIG.C5_QDRIIP_RESET.INSERT_VIP {0} CONFIG.C5_RLDII_RESET.INSERT_VIP {0} CONFIG.C5_RLDIII_RESET.INSERT_VIP {0} CONFIG.C5_CLOCK.INSERT_VIP {0} CONFIG.C5_MMCM_CLKOUT0.INSERT_VIP {0} CONFIG.C5_MMCM_CLKOUT1.INSERT_VIP {0} CONFIG.C5_MMCM_CLKOUT2.INSERT_VIP {0} CONFIG.C5_MMCM_CLKOUT3.INSERT_VIP {0} CONFIG.C5_MMCM_CLKOUT4.INSERT_VIP {0} CONFIG.S5_AXI_CTRL.INSERT_VIP {0} CONFIG.S5_AXI.INSERT_VIP {0} CONFIG.C5_SYS_CLK_I.INSERT_VIP {0} CONFIG.C5_ARESETN.INSERT_VIP {0} CONFIG.C6_RESET.INSERT_VIP {0} CONFIG.C6_DDR3_RESET.INSERT_VIP {0} CONFIG.C6_DDR2_RESET.INSERT_VIP {0} CONFIG.C6_LPDDR2_RESET.INSERT_VIP {0} CONFIG.C6_QDRIIP_RESET.INSERT_VIP {0} CONFIG.C6_RLDII_RESET.INSERT_VIP {0} CONFIG.C6_RLDIII_RESET.INSERT_VIP {0} CONFIG.C6_CLOCK.INSERT_VIP {0} CONFIG.C6_MMCM_CLKOUT0.INSERT_VIP {0} CONFIG.C6_MMCM_CLKOUT1.INSERT_VIP {0} CONFIG.C6_MMCM_CLKOUT2.INSERT_VIP {0} CONFIG.C6_MMCM_CLKOUT3.INSERT_VIP {0} CONFIG.C6_MMCM_CLKOUT4.INSERT_VIP {0} CONFIG.S6_AXI_CTRL.INSERT_VIP {0} CONFIG.S6_AXI.INSERT_VIP {0} CONFIG.C6_SYS_CLK_I.INSERT_VIP {0} CONFIG.C6_ARESETN.INSERT_VIP {0} CONFIG.C7_RESET.INSERT_VIP {0} CONFIG.C7_DDR3_RESET.INSERT_VIP {0} CONFIG.C7_DDR2_RESET.INSERT_VIP {0} CONFIG.C7_LPDDR2_RESET.INSERT_VIP {0} CONFIG.C7_QDRIIP_RESET.INSERT_VIP {0} CONFIG.C7_RLDII_RESET.INSERT_VIP {0} CONFIG.C7_RLDIII_RESET.INSERT_VIP {0} CONFIG.C7_CLOCK.INSERT_VIP {0} CONFIG.C7_MMCM_CLKOUT0.INSERT_VIP {0} CONFIG.C7_MMCM_CLKOUT1.INSERT_VIP {0} CONFIG.C7_MMCM_CLKOUT2.INSERT_VIP {0} CONFIG.C7_MMCM_CLKOUT3.INSERT_VIP {0} CONFIG.C7_MMCM_CLKOUT4.INSERT_VIP {0} CONFIG.S7_AXI_CTRL.INSERT_VIP {0} CONFIG.S7_AXI.INSERT_VIP {0} CONFIG.C7_SYS_CLK_I.INSERT_VIP {0} CONFIG.C7_ARESETN.INSERT_VIP {0}] [get_ips MIG]
generate_target {instantiation_template} [get_files c:/Users/A/Desktop/EDA234/THERMO/THERMO.srcs/sources_1/ip/MIG/MIG.xci]
INFO: [IP_Flow 19-1686] Generating 'Instantiation Template' target for IP 'MIG'...
generate_target all [get_files  c:/Users/A/Desktop/EDA234/THERMO/THERMO.srcs/sources_1/ip/MIG/MIG.xci]
INFO: [IP_Flow 19-1686] Generating 'Synthesis' target for IP 'MIG'...
INFO: [IP_Flow 19-1686] Generating 'Simulation' target for IP 'MIG'...
INFO: [IP_Flow 19-1686] Generating 'Implementation' target for IP 'MIG'...
INFO: [IP_Flow 19-1686] Generating 'Change Log' target for IP 'MIG'...
generate_target: Time (s): cpu = 00:00:08 ; elapsed = 00:00:11 . Memory (MB): peak = 2453.723 ; gain = 23.742
catch { config_ip_cache -export [get_ips -all MIG] }
export_ip_user_files -of_objects [get_files c:/Users/A/Desktop/EDA234/THERMO/THERMO.srcs/sources_1/ip/MIG/MIG.xci] -no_script -sync -force -quiet
reset_run MIG_synth_1
launch_runs -jobs 20 MIG_synth_1
[Thu Dec 19 19:17:50 2024] Launched MIG_synth_1...
Run output will be captured here: C:/Users/A/Desktop/EDA234/THERMO/THERMO.runs/MIG_synth_1/runme.log
export_simulation -of_objects [get_files c:/Users/A/Desktop/EDA234/THERMO/THERMO.srcs/sources_1/ip/MIG/MIG.xci] -directory C:/Users/A/Desktop/EDA234/THERMO/THERMO.ip_user_files/sim_scripts -ip_user_files_dir C:/Users/A/Desktop/EDA234/THERMO/THERMO.ip_user_files -ipstatic_source_dir C:/Users/A/Desktop/EDA234/THERMO/THERMO.ip_user_files/ipstatic -lib_map_path [list {modelsim=C:/Xilinx/Xlib} {questa=C:/Users/A/Desktop/EDA234/THERMO/THERMO.cache/compile_simlib/questa} {riviera=C:/Users/A/Desktop/EDA234/THERMO/THERMO.cache/compile_simlib/riviera} {activehdl=C:/Users/A/Desktop/EDA234/THERMO/THERMO.cache/compile_simlib/activehdl}] -use_ip_compiled_libs -force -quiet
reset_run synth_1
WARNING: [Vivado 12-1017] Problems encountered:
1. Failed to delete one or more files in run directory C:/Users/A/Desktop/EDA234/THERMO/THERMO.runs/synth_1

launch_runs impl_1 -to_step write_bitstream -jobs 20
INFO: [Vivado 12-4149] The synthesis checkpoint for IP 'C:/Users/A/Desktop/EDA234/THERMO/THERMO.srcs/sources_1/ip/printf/printf.xci' is already up-to-date
[Thu Dec 19 19:18:11 2024] Launched MIG_synth_1, synth_1...
Run output will be captured here:
MIG_synth_1: C:/Users/A/Desktop/EDA234/THERMO/THERMO.runs/MIG_synth_1/runme.log
synth_1: C:/Users/A/Desktop/EDA234/THERMO/THERMO.runs/synth_1/runme.log
[Thu Dec 19 19:18:11 2024] Launched impl_1...
Run output will be captured here: C:/Users/A/Desktop/EDA234/THERMO/THERMO.runs/impl_1/runme.log
set_property -dict [list CONFIG.XML_INPUT_FILE {mig_a.prj} CONFIG.RESET_BOARD_INTERFACE {Custom} CONFIG.MIG_DONT_TOUCH_PARAM {Custom} CONFIG.BOARD_MIG_PARAM {Custom} CONFIG.SYSTEM_RESET.INSERT_VIP {0} CONFIG.CLK_REF_I.INSERT_VIP {0} CONFIG.RESET.INSERT_VIP {0} CONFIG.DDR3_RESET.INSERT_VIP {0} CONFIG.DDR2_RESET.INSERT_VIP {0} CONFIG.LPDDR2_RESET.INSERT_VIP {0} CONFIG.QDRIIP_RESET.INSERT_VIP {0} CONFIG.RLDII_RESET.INSERT_VIP {0} CONFIG.RLDIII_RESET.INSERT_VIP {0} CONFIG.CLOCK.INSERT_VIP {0} CONFIG.MMCM_CLKOUT0.INSERT_VIP {0} CONFIG.MMCM_CLKOUT1.INSERT_VIP {0} CONFIG.MMCM_CLKOUT2.INSERT_VIP {0} CONFIG.MMCM_CLKOUT3.INSERT_VIP {0} CONFIG.MMCM_CLKOUT4.INSERT_VIP {0} CONFIG.S_AXI_CTRL.INSERT_VIP {0} CONFIG.S_AXI.INSERT_VIP {0} CONFIG.SYS_CLK_I.INSERT_VIP {0} CONFIG.ARESETN.INSERT_VIP {0} CONFIG.C0_RESET.INSERT_VIP {0} CONFIG.C0_DDR3_RESET.INSERT_VIP {0} CONFIG.C0_DDR2_RESET.INSERT_VIP {0} CONFIG.C0_LPDDR2_RESET.INSERT_VIP {0} CONFIG.C0_QDRIIP_RESET.INSERT_VIP {0} CONFIG.C0_RLDII_RESET.INSERT_VIP {0} CONFIG.C0_RLDIII_RESET.INSERT_VIP {0} CONFIG.C0_CLOCK.INSERT_VIP {0} CONFIG.C0_MMCM_CLKOUT0.INSERT_VIP {0} CONFIG.C0_MMCM_CLKOUT1.INSERT_VIP {0} CONFIG.C0_MMCM_CLKOUT2.INSERT_VIP {0} CONFIG.C0_MMCM_CLKOUT3.INSERT_VIP {0} CONFIG.C0_MMCM_CLKOUT4.INSERT_VIP {0} CONFIG.S0_AXI_CTRL.INSERT_VIP {0} CONFIG.S0_AXI.INSERT_VIP {0} CONFIG.C0_SYS_CLK_I.INSERT_VIP {0} CONFIG.C0_ARESETN.INSERT_VIP {0} CONFIG.C1_RESET.INSERT_VIP {0} CONFIG.C1_DDR3_RESET.INSERT_VIP {0} CONFIG.C1_DDR2_RESET.INSERT_VIP {0} CONFIG.C1_LPDDR2_RESET.INSERT_VIP {0} CONFIG.C1_QDRIIP_RESET.INSERT_VIP {0} CONFIG.C1_RLDII_RESET.INSERT_VIP {0} CONFIG.C1_RLDIII_RESET.INSERT_VIP {0} CONFIG.C1_CLOCK.INSERT_VIP {0} CONFIG.C1_MMCM_CLKOUT0.INSERT_VIP {0} CONFIG.C1_MMCM_CLKOUT1.INSERT_VIP {0} CONFIG.C1_MMCM_CLKOUT2.INSERT_VIP {0} CONFIG.C1_MMCM_CLKOUT3.INSERT_VIP {0} CONFIG.C1_MMCM_CLKOUT4.INSERT_VIP {0} CONFIG.S1_AXI_CTRL.INSERT_VIP {0} CONFIG.S1_AXI.INSERT_VIP {0} CONFIG.C1_SYS_CLK_I.INSERT_VIP {0} CONFIG.C1_ARESETN.INSERT_VIP {0} CONFIG.C2_RESET.INSERT_VIP {0} CONFIG.C2_DDR3_RESET.INSERT_VIP {0} CONFIG.C2_DDR2_RESET.INSERT_VIP {0} CONFIG.C2_LPDDR2_RESET.INSERT_VIP {0} CONFIG.C2_QDRIIP_RESET.INSERT_VIP {0} CONFIG.C2_RLDII_RESET.INSERT_VIP {0} CONFIG.C2_RLDIII_RESET.INSERT_VIP {0} CONFIG.C2_CLOCK.INSERT_VIP {0} CONFIG.C2_MMCM_CLKOUT0.INSERT_VIP {0} CONFIG.C2_MMCM_CLKOUT1.INSERT_VIP {0} CONFIG.C2_MMCM_CLKOUT2.INSERT_VIP {0} CONFIG.C2_MMCM_CLKOUT3.INSERT_VIP {0} CONFIG.C2_MMCM_CLKOUT4.INSERT_VIP {0} CONFIG.S2_AXI_CTRL.INSERT_VIP {0} CONFIG.S2_AXI.INSERT_VIP {0} CONFIG.C2_SYS_CLK_I.INSERT_VIP {0} CONFIG.C2_ARESETN.INSERT_VIP {0} CONFIG.C3_RESET.INSERT_VIP {0} CONFIG.C3_DDR3_RESET.INSERT_VIP {0} CONFIG.C3_DDR2_RESET.INSERT_VIP {0} CONFIG.C3_LPDDR2_RESET.INSERT_VIP {0} CONFIG.C3_QDRIIP_RESET.INSERT_VIP {0} CONFIG.C3_RLDII_RESET.INSERT_VIP {0} CONFIG.C3_RLDIII_RESET.INSERT_VIP {0} CONFIG.C3_CLOCK.INSERT_VIP {0} CONFIG.C3_MMCM_CLKOUT0.INSERT_VIP {0} CONFIG.C3_MMCM_CLKOUT1.INSERT_VIP {0} CONFIG.C3_MMCM_CLKOUT2.INSERT_VIP {0} CONFIG.C3_MMCM_CLKOUT3.INSERT_VIP {0} CONFIG.C3_MMCM_CLKOUT4.INSERT_VIP {0} CONFIG.S3_AXI_CTRL.INSERT_VIP {0} CONFIG.S3_AXI.INSERT_VIP {0} CONFIG.C3_SYS_CLK_I.INSERT_VIP {0} CONFIG.C3_ARESETN.INSERT_VIP {0} CONFIG.C4_RESET.INSERT_VIP {0} CONFIG.C4_DDR3_RESET.INSERT_VIP {0} CONFIG.C4_DDR2_RESET.INSERT_VIP {0} CONFIG.C4_LPDDR2_RESET.INSERT_VIP {0} CONFIG.C4_QDRIIP_RESET.INSERT_VIP {0} CONFIG.C4_RLDII_RESET.INSERT_VIP {0} CONFIG.C4_RLDIII_RESET.INSERT_VIP {0} CONFIG.C4_CLOCK.INSERT_VIP {0} CONFIG.C4_MMCM_CLKOUT0.INSERT_VIP {0} CONFIG.C4_MMCM_CLKOUT1.INSERT_VIP {0} CONFIG.C4_MMCM_CLKOUT2.INSERT_VIP {0} CONFIG.C4_MMCM_CLKOUT3.INSERT_VIP {0} CONFIG.C4_MMCM_CLKOUT4.INSERT_VIP {0} CONFIG.S4_AXI_CTRL.INSERT_VIP {0} CONFIG.S4_AXI.INSERT_VIP {0} CONFIG.C4_SYS_CLK_I.INSERT_VIP {0} CONFIG.C4_ARESETN.INSERT_VIP {0} CONFIG.C5_RESET.INSERT_VIP {0} CONFIG.C5_DDR3_RESET.INSERT_VIP {0} CONFIG.C5_DDR2_RESET.INSERT_VIP {0} CONFIG.C5_LPDDR2_RESET.INSERT_VIP {0} CONFIG.C5_QDRIIP_RESET.INSERT_VIP {0} CONFIG.C5_RLDII_RESET.INSERT_VIP {0} CONFIG.C5_RLDIII_RESET.INSERT_VIP {0} CONFIG.C5_CLOCK.INSERT_VIP {0} CONFIG.C5_MMCM_CLKOUT0.INSERT_VIP {0} CONFIG.C5_MMCM_CLKOUT1.INSERT_VIP {0} CONFIG.C5_MMCM_CLKOUT2.INSERT_VIP {0} CONFIG.C5_MMCM_CLKOUT3.INSERT_VIP {0} CONFIG.C5_MMCM_CLKOUT4.INSERT_VIP {0} CONFIG.S5_AXI_CTRL.INSERT_VIP {0} CONFIG.S5_AXI.INSERT_VIP {0} CONFIG.C5_SYS_CLK_I.INSERT_VIP {0} CONFIG.C5_ARESETN.INSERT_VIP {0} CONFIG.C6_RESET.INSERT_VIP {0} CONFIG.C6_DDR3_RESET.INSERT_VIP {0} CONFIG.C6_DDR2_RESET.INSERT_VIP {0} CONFIG.C6_LPDDR2_RESET.INSERT_VIP {0} CONFIG.C6_QDRIIP_RESET.INSERT_VIP {0} CONFIG.C6_RLDII_RESET.INSERT_VIP {0} CONFIG.C6_RLDIII_RESET.INSERT_VIP {0} CONFIG.C6_CLOCK.INSERT_VIP {0} CONFIG.C6_MMCM_CLKOUT0.INSERT_VIP {0} CONFIG.C6_MMCM_CLKOUT1.INSERT_VIP {0} CONFIG.C6_MMCM_CLKOUT2.INSERT_VIP {0} CONFIG.C6_MMCM_CLKOUT3.INSERT_VIP {0} CONFIG.C6_MMCM_CLKOUT4.INSERT_VIP {0} CONFIG.S6_AXI_CTRL.INSERT_VIP {0} CONFIG.S6_AXI.INSERT_VIP {0} CONFIG.C6_SYS_CLK_I.INSERT_VIP {0} CONFIG.C6_ARESETN.INSERT_VIP {0} CONFIG.C7_RESET.INSERT_VIP {0} CONFIG.C7_DDR3_RESET.INSERT_VIP {0} CONFIG.C7_DDR2_RESET.INSERT_VIP {0} CONFIG.C7_LPDDR2_RESET.INSERT_VIP {0} CONFIG.C7_QDRIIP_RESET.INSERT_VIP {0} CONFIG.C7_RLDII_RESET.INSERT_VIP {0} CONFIG.C7_RLDIII_RESET.INSERT_VIP {0} CONFIG.C7_CLOCK.INSERT_VIP {0} CONFIG.C7_MMCM_CLKOUT0.INSERT_VIP {0} CONFIG.C7_MMCM_CLKOUT1.INSERT_VIP {0} CONFIG.C7_MMCM_CLKOUT2.INSERT_VIP {0} CONFIG.C7_MMCM_CLKOUT3.INSERT_VIP {0} CONFIG.C7_MMCM_CLKOUT4.INSERT_VIP {0} CONFIG.S7_AXI_CTRL.INSERT_VIP {0} CONFIG.S7_AXI.INSERT_VIP {0} CONFIG.C7_SYS_CLK_I.INSERT_VIP {0} CONFIG.C7_ARESETN.INSERT_VIP {0}] [get_ips MIG]
generate_target {instantiation_template} [get_files c:/Users/A/Desktop/EDA234/THERMO/THERMO.srcs/sources_1/ip/MIG/MIG.xci]
INFO: [IP_Flow 19-1686] Generating 'Instantiation Template' target for IP 'MIG'...
generate_target all [get_files  c:/Users/A/Desktop/EDA234/THERMO/THERMO.srcs/sources_1/ip/MIG/MIG.xci]
INFO: [IP_Flow 19-1686] Generating 'Synthesis' target for IP 'MIG'...
INFO: [IP_Flow 19-1686] Generating 'Simulation' target for IP 'MIG'...
INFO: [IP_Flow 19-1686] Generating 'Implementation' target for IP 'MIG'...
INFO: [IP_Flow 19-1686] Generating 'Change Log' target for IP 'MIG'...
generate_target: Time (s): cpu = 00:00:08 ; elapsed = 00:00:11 . Memory (MB): peak = 2988.207 ; gain = 0.000
catch { config_ip_cache -export [get_ips -all MIG] }
export_ip_user_files -of_objects [get_files c:/Users/A/Desktop/EDA234/THERMO/THERMO.srcs/sources_1/ip/MIG/MIG.xci] -no_script -sync -force -quiet
reset_run MIG_synth_1
launch_runs -jobs 20 MIG_synth_1
[Thu Dec 19 19:23:22 2024] Launched MIG_synth_1...
Run output will be captured here: C:/Users/A/Desktop/EDA234/THERMO/THERMO.runs/MIG_synth_1/runme.log
export_simulation -of_objects [get_files c:/Users/A/Desktop/EDA234/THERMO/THERMO.srcs/sources_1/ip/MIG/MIG.xci] -directory C:/Users/A/Desktop/EDA234/THERMO/THERMO.ip_user_files/sim_scripts -ip_user_files_dir C:/Users/A/Desktop/EDA234/THERMO/THERMO.ip_user_files -ipstatic_source_dir C:/Users/A/Desktop/EDA234/THERMO/THERMO.ip_user_files/ipstatic -lib_map_path [list {modelsim=C:/Xilinx/Xlib} {questa=C:/Users/A/Desktop/EDA234/THERMO/THERMO.cache/compile_simlib/questa} {riviera=C:/Users/A/Desktop/EDA234/THERMO/THERMO.cache/compile_simlib/riviera} {activehdl=C:/Users/A/Desktop/EDA234/THERMO/THERMO.cache/compile_simlib/activehdl}] -use_ip_compiled_libs -force -quiet
reset_run synth_1
WARNING: [Vivado 12-1017] Problems encountered:
1. Failed to delete one or more files in run directory C:/Users/A/Desktop/EDA234/THERMO/THERMO.runs/synth_1

launch_runs impl_1 -to_step write_bitstream -jobs 20
INFO: [Vivado 12-4149] The synthesis checkpoint for IP 'C:/Users/A/Desktop/EDA234/THERMO/THERMO.srcs/sources_1/ip/printf/printf.xci' is already up-to-date
[Thu Dec 19 19:23:35 2024] Launched MIG_synth_1, synth_1...
Run output will be captured here:
MIG_synth_1: C:/Users/A/Desktop/EDA234/THERMO/THERMO.runs/MIG_synth_1/runme.log
synth_1: C:/Users/A/Desktop/EDA234/THERMO/THERMO.runs/synth_1/runme.log
[Thu Dec 19 19:23:35 2024] Launched impl_1...
Run output will be captured here: C:/Users/A/Desktop/EDA234/THERMO/THERMO.runs/impl_1/runme.log
reset_run synth_1
launch_runs impl_1 -to_step write_bitstream -jobs 20
INFO: [Vivado 12-4149] The synthesis checkpoint for IP 'C:/Users/A/Desktop/EDA234/THERMO/THERMO.srcs/sources_1/ip/printf/printf.xci' is already up-to-date
[Thu Dec 19 19:27:53 2024] Launched synth_1...
Run output will be captured here: C:/Users/A/Desktop/EDA234/THERMO/THERMO.runs/synth_1/runme.log
[Thu Dec 19 19:27:53 2024] Launched impl_1...
Run output will be captured here: C:/Users/A/Desktop/EDA234/THERMO/THERMO.runs/impl_1/runme.log
open_hw_manager
connect_hw_server -allow_non_jtag
INFO: [Labtools 27-2285] Connecting to hw_server url TCP:localhost:3121
INFO: [Labtools 27-2222] Launching hw_server...
INFO: [Labtools 27-2221] Launch Output:

****** Xilinx hw_server v2019.2
  **** Build date : Nov  6 2019 at 22:12:23
    ** Copyright 1986-2019 Xilinx, Inc. All Rights Reserved.


INFO: [Labtools 27-3415] Connecting to cs_server url TCP:localhost:3042
INFO: [Labtools 27-3417] Launching cs_server...
INFO: [Labtools 27-2221] Launch Output:


****** Xilinx cs_server v2019.2.0
  **** Build date : Nov 07 2019-07:28:22
    ** Copyright 2017-2019 Xilinx, Inc. All Rights Reserved.



connect_hw_server: Time (s): cpu = 00:00:00 ; elapsed = 00:00:06 . Memory (MB): peak = 3508.625 ; gain = 15.848
open_hw_target
INFO: [Labtoolstcl 44-466] Opening hw_target localhost:3121/xilinx_tcf/Digilent/210292AE3C38A
set_property PROGRAM.FILE {C:/Users/A/Desktop/EDA234/THERMO/THERMO.runs/impl_1/top.bit} [get_hw_devices xc7a100t_0]
set_property PROBES.FILE {C:/Users/A/Desktop/EDA234/THERMO/THERMO.runs/impl_1/top.ltx} [get_hw_devices xc7a100t_0]
set_property FULL_PROBES.FILE {C:/Users/A/Desktop/EDA234/THERMO/THERMO.runs/impl_1/top.ltx} [get_hw_devices xc7a100t_0]
current_hw_device [get_hw_devices xc7a100t_0]
refresh_hw_device [lindex [get_hw_devices xc7a100t_0] 0]
INFO: [Labtools 27-1434] Device xc7a100t (JTAG device index = 0) is programmed with a design that has no supported debug core(s) in it.
WARNING: [Labtools 27-3361] The debug hub core was not detected.
Resolution: 
1. Make sure the clock connected to the debug hub (dbg_hub) core is a free running clock and is active.
2. Make sure the BSCAN_SWITCH_USER_MASK device property in Vivado Hardware Manager reflects the user scan chain setting in the design and refresh the device.  To determine the user scan chain setting in the design, open the implemented design and use 'get_property C_USER_SCAN_CHAIN [get_debug_cores dbg_hub]'.
For more details on setting the scan chain property, consult the Vivado Debug and Programming User Guide (UG908).
WARNING: [Labtools 27-3413] Dropping logic core with cellname:'printRX' at location 'uuid_5665932A41425D97A94917EF0113BDA1' from probes file, since it cannot be found on the programmed device.
set_property PROBES.FILE {C:/Users/A/Desktop/EDA234/THERMO/THERMO.runs/impl_1/top.ltx} [get_hw_devices xc7a100t_0]
set_property FULL_PROBES.FILE {C:/Users/A/Desktop/EDA234/THERMO/THERMO.runs/impl_1/top.ltx} [get_hw_devices xc7a100t_0]
set_property PROGRAM.FILE {C:/Users/A/Desktop/EDA234/THERMO/THERMO.runs/impl_1/top.bit} [get_hw_devices xc7a100t_0]
program_hw_devices [get_hw_devices xc7a100t_0]
INFO: [Labtools 27-3164] End of startup status: HIGH
refresh_hw_device [lindex [get_hw_devices xc7a100t_0] 0]
INFO: [Labtools 27-2302] Device xc7a100t (JTAG device index = 0) is programmed with a design that has 1 VIO core(s).
ERROR: [Labtoolstcl 44-513] HW Target shutdown. Closing target: localhost:3121/xilinx_tcf/Digilent/210292AE3C38A
open_run impl_1
INFO: [Device 21-403] Loading part xc7a100tcsg324-1
Netlist sorting complete. Time (s): cpu = 00:00:00 ; elapsed = 00:00:00.205 . Memory (MB): peak = 4753.941 ; gain = 0.000
INFO: [Netlist 29-17] Analyzing 396 Unisim elements for replacement
INFO: [Netlist 29-28] Unisim Transformation completed in 1 CPU seconds
INFO: [Project 1-479] Netlist was created with Vivado 2019.2
INFO: [Project 1-570] Preparing netlist for logic optimization
WARNING: [Constraints 18-550] Could not create 'IBUF_LOW_PWR' constraint because net 'DDR2_inst/clk_1/clk_in1' is not directly connected to top level port. Synthesis is ignored for IBUF_LOW_PWR but preserved for implementation.
INFO: [Timing 38-478] Restoring timing data from binary archive.
INFO: [Timing 38-479] Binary timing data restore complete.
INFO: [Project 1-856] Restoring constraints from binary archive.
INFO: [Project 1-853] Binary constraint restore complete.
Reading XDEF placement.
Reading placer database...
Reading XDEF routing.
Read XDEF File: Time (s): cpu = 00:00:00 ; elapsed = 00:00:00.668 . Memory (MB): peak = 5069.531 ; gain = 0.000
Restored from archive | CPU: 0.000000 secs | Memory: 0.000000 MB |
Finished XDEF File Restore: Time (s): cpu = 00:00:00 ; elapsed = 00:00:00.668 . Memory (MB): peak = 5069.531 ; gain = 0.000
Netlist sorting complete. Time (s): cpu = 00:00:00 ; elapsed = 00:00:00.004 . Memory (MB): peak = 5069.531 ; gain = 0.000
INFO: [Project 1-111] Unisim Transformation Summary:
  A total of 131 instances were transformed.
  IOBUF => IOBUF (IBUF, OBUFT): 1 instance 
  IOBUFDS_INTERMDISABLE => IOBUFDS_INTERMDISABLE (IBUFDS_INTERMDISABLE_INT(x2), INV, OBUFTDS(x2)): 2 instances
  IOBUF_INTERMDISABLE => IOBUF_INTERMDISABLE (IBUF_INTERMDISABLE, OBUFT): 16 instances
  OBUFDS => OBUFDS_DUAL_BUF (INV, OBUFDS(x2)): 1 instance 
  RAM32M => RAM32M (RAMD32(x6), RAMS32(x2)): 110 instances
  SRLC32E => SRL16E: 1 instance 

open_run: Time (s): cpu = 00:00:10 ; elapsed = 00:00:24 . Memory (MB): peak = 5259.551 ; gain = 505.609
open_report: Time (s): cpu = 00:00:01 ; elapsed = 00:00:05 . Memory (MB): peak = 5270.238 ; gain = 9.207
CRITICAL WARNING: [Timing 38-282] The design failed to meet the timing requirements. Please see the timing summary report for details on the timing violations.
WARNING: [Timing 38-436] There are set_bus_skew constraint(s) in this design. Please run report_bus_skew to ensure that bus skew requirements are met.
reset_run synth_1
launch_runs impl_1 -to_step write_bitstream -jobs 20
INFO: [Vivado 12-4149] The synthesis checkpoint for IP 'C:/Users/A/Desktop/EDA234/THERMO/THERMO.srcs/sources_1/ip/printf/printf.xci' is already up-to-date
[Thu Dec 19 20:03:10 2024] Launched synth_1...
Run output will be captured here: C:/Users/A/Desktop/EDA234/THERMO/THERMO.runs/synth_1/runme.log
[Thu Dec 19 20:03:10 2024] Launched impl_1...
Run output will be captured here: C:/Users/A/Desktop/EDA234/THERMO/THERMO.runs/impl_1/runme.log
add_files -norecurse C:/Users/A/Desktop/EDA234/FPGA_Internal/find_max_min.vhd
update_compile_order -fileset sources_1
reset_run synth_1
launch_runs impl_1 -to_step write_bitstream -jobs 20
INFO: [Vivado 12-4149] The synthesis checkpoint for IP 'C:/Users/A/Desktop/EDA234/THERMO/THERMO.srcs/sources_1/ip/printf/printf.xci' is already up-to-date
[Thu Dec 19 20:04:50 2024] Launched synth_1...
Run output will be captured here: C:/Users/A/Desktop/EDA234/THERMO/THERMO.runs/synth_1/runme.log
[Thu Dec 19 20:04:50 2024] Launched impl_1...
Run output will be captured here: C:/Users/A/Desktop/EDA234/THERMO/THERMO.runs/impl_1/runme.log
disconnect_hw_server localhost:3121
connect_hw_server -allow_non_jtag
INFO: [Labtools 27-2285] Connecting to hw_server url TCP:localhost:3121
INFO: [Labtools 27-3415] Connecting to cs_server url TCP:localhost:3042
INFO: [Labtools 27-3414] Connected to existing cs_server.
ERROR: [Labtoolstcl 44-494] There is no active target available for server at localhost.
 Targets(s) ", jsn-Nexys A7 -100T-210292AE3C38A" may be locked by another hw_server.
disconnect_hw_server localhost:3121
connect_hw_server -allow_non_jtag
INFO: [Labtools 27-2285] Connecting to hw_server url TCP:localhost:3121
INFO: [Labtools 27-3415] Connecting to cs_server url TCP:localhost:3042
INFO: [Labtools 27-3414] Connected to existing cs_server.
open_hw_target
INFO: [Labtoolstcl 44-466] Opening hw_target localhost:3121/xilinx_tcf/Digilent/210292AE3C38A
set_property PROGRAM.FILE {C:/Users/A/Desktop/EDA234/THERMO/THERMO.runs/impl_1/top.bit} [get_hw_devices xc7a100t_0]
set_property PROBES.FILE {C:/Users/A/Desktop/EDA234/THERMO/THERMO.runs/impl_1/top.ltx} [get_hw_devices xc7a100t_0]
set_property FULL_PROBES.FILE {C:/Users/A/Desktop/EDA234/THERMO/THERMO.runs/impl_1/top.ltx} [get_hw_devices xc7a100t_0]
current_hw_device [get_hw_devices xc7a100t_0]
refresh_hw_device [lindex [get_hw_devices xc7a100t_0] 0]
INFO: [Labtools 27-1434] Device xc7a100t (JTAG device index = 0) is programmed with a design that has no supported debug core(s) in it.
WARNING: [Labtools 27-3361] The debug hub core was not detected.
Resolution: 
1. Make sure the clock connected to the debug hub (dbg_hub) core is a free running clock and is active.
2. Make sure the BSCAN_SWITCH_USER_MASK device property in Vivado Hardware Manager reflects the user scan chain setting in the design and refresh the device.  To determine the user scan chain setting in the design, open the implemented design and use 'get_property C_USER_SCAN_CHAIN [get_debug_cores dbg_hub]'.
For more details on setting the scan chain property, consult the Vivado Debug and Programming User Guide (UG908).
WARNING: [Labtools 27-3413] Dropping logic core with cellname:'printRX' at location 'uuid_5665932A41425D97A94917EF0113BDA1' from probes file, since it cannot be found on the programmed device.
set_property PROBES.FILE {C:/Users/A/Desktop/EDA234/THERMO/THERMO.runs/impl_1/top.ltx} [get_hw_devices xc7a100t_0]
set_property FULL_PROBES.FILE {C:/Users/A/Desktop/EDA234/THERMO/THERMO.runs/impl_1/top.ltx} [get_hw_devices xc7a100t_0]
set_property PROGRAM.FILE {C:/Users/A/Desktop/EDA234/THERMO/THERMO.runs/impl_1/top.bit} [get_hw_devices xc7a100t_0]
program_hw_devices [get_hw_devices xc7a100t_0]
INFO: [Labtools 27-3164] End of startup status: HIGH
refresh_hw_device [lindex [get_hw_devices xc7a100t_0] 0]
INFO: [Labtools 27-2302] Device xc7a100t (JTAG device index = 0) is programmed with a design that has 1 VIO core(s).
reset_run synth_1
launch_runs impl_1 -to_step write_bitstream -jobs 20
INFO: [Vivado 12-4149] The synthesis checkpoint for IP 'C:/Users/A/Desktop/EDA234/THERMO/THERMO.srcs/sources_1/ip/printf/printf.xci' is already up-to-date
[Thu Dec 19 20:11:57 2024] Launched synth_1...
Run output will be captured here: C:/Users/A/Desktop/EDA234/THERMO/THERMO.runs/synth_1/runme.log
[Thu Dec 19 20:11:57 2024] Launched impl_1...
Run output will be captured here: C:/Users/A/Desktop/EDA234/THERMO/THERMO.runs/impl_1/runme.log
ERROR: [Labtoolstcl 44-513] HW Target shutdown. Closing target: localhost:3121/xilinx_tcf/Digilent/210292AE3C38A
INFO: [Labtoolstcl 44-466] Opening hw_target localhost:3121/xilinx_tcf/Digilent/210292AE3C38A
INFO: [Labtools 27-1435] Device xc7a100t (JTAG device index = 0) is not programmed (DONE status = 0).
WARNING: [Labtoolstcl 44-129] No matching hw_ila_data was found.
set_property PROBES.FILE {C:/Users/A/Desktop/EDA234/THERMO/THERMO.runs/impl_1/top.ltx} [get_hw_devices xc7a100t_0]
set_property FULL_PROBES.FILE {C:/Users/A/Desktop/EDA234/THERMO/THERMO.runs/impl_1/top.ltx} [get_hw_devices xc7a100t_0]
set_property PROGRAM.FILE {C:/Users/A/Desktop/EDA234/THERMO/THERMO.runs/impl_1/top.bit} [get_hw_devices xc7a100t_0]
program_hw_devices [get_hw_devices xc7a100t_0]
INFO: [Labtools 27-3164] End of startup status: HIGH
refresh_hw_device [lindex [get_hw_devices xc7a100t_0] 0]
INFO: [Labtools 27-2302] Device xc7a100t (JTAG device index = 0) is programmed with a design that has 1 VIO core(s).
set_property PROBES.FILE {C:/Users/A/Desktop/EDA234/THERMO/THERMO.runs/impl_1/top.ltx} [get_hw_devices xc7a100t_0]
set_property FULL_PROBES.FILE {C:/Users/A/Desktop/EDA234/THERMO/THERMO.runs/impl_1/top.ltx} [get_hw_devices xc7a100t_0]
set_property PROGRAM.FILE {C:/Users/A/Desktop/EDA234/THERMO/THERMO.runs/impl_1/top.bit} [get_hw_devices xc7a100t_0]
program_hw_devices [get_hw_devices xc7a100t_0]
INFO: [Labtools 27-3164] End of startup status: HIGH
refresh_hw_device [lindex [get_hw_devices xc7a100t_0] 0]
INFO: [Labtools 27-2302] Device xc7a100t (JTAG device index = 0) is programmed with a design that has 1 VIO core(s).
reset_run synth_1
launch_runs impl_1 -to_step write_bitstream -jobs 20
INFO: [Vivado 12-4149] The synthesis checkpoint for IP 'C:/Users/A/Desktop/EDA234/THERMO/THERMO.srcs/sources_1/ip/printf/printf.xci' is already up-to-date
[Thu Dec 19 20:18:00 2024] Launched synth_1...
Run output will be captured here: C:/Users/A/Desktop/EDA234/THERMO/THERMO.runs/synth_1/runme.log
[Thu Dec 19 20:18:00 2024] Launched impl_1...
Run output will be captured here: C:/Users/A/Desktop/EDA234/THERMO/THERMO.runs/impl_1/runme.log
set_property PROBES.FILE {C:/Users/A/Desktop/EDA234/THERMO/THERMO.runs/impl_1/top.ltx} [get_hw_devices xc7a100t_0]
set_property FULL_PROBES.FILE {C:/Users/A/Desktop/EDA234/THERMO/THERMO.runs/impl_1/top.ltx} [get_hw_devices xc7a100t_0]
set_property PROGRAM.FILE {C:/Users/A/Desktop/EDA234/THERMO/THERMO.runs/impl_1/top.bit} [get_hw_devices xc7a100t_0]
program_hw_devices [get_hw_devices xc7a100t_0]
INFO: [Labtools 27-3164] End of startup status: HIGH
refresh_hw_device [lindex [get_hw_devices xc7a100t_0] 0]
INFO: [Labtools 27-2302] Device xc7a100t (JTAG device index = 0) is programmed with a design that has 1 VIO core(s).
ERROR: [Labtoolstcl 44-513] HW Target shutdown. Closing target: localhost:3121/xilinx_tcf/Digilent/210292AE3C38A
reset_run synth_1
launch_runs impl_1 -to_step write_bitstream -jobs 20
INFO: [Vivado 12-4149] The synthesis checkpoint for IP 'C:/Users/A/Desktop/EDA234/THERMO/THERMO.srcs/sources_1/ip/printf/printf.xci' is already up-to-date
[Thu Dec 19 20:22:38 2024] Launched synth_1...
Run output will be captured here: C:/Users/A/Desktop/EDA234/THERMO/THERMO.runs/synth_1/runme.log
[Thu Dec 19 20:22:38 2024] Launched impl_1...
Run output will be captured here: C:/Users/A/Desktop/EDA234/THERMO/THERMO.runs/impl_1/runme.log
INFO: [Labtoolstcl 44-466] Opening hw_target localhost:3121/xilinx_tcf/Digilent/210292AE3C38A
INFO: [Labtools 27-1434] Device xc7a100t (JTAG device index = 0) is programmed with a design that has no supported debug core(s) in it.
WARNING: [Labtools 27-3361] The debug hub core was not detected.
Resolution: 
1. Make sure the clock connected to the debug hub (dbg_hub) core is a free running clock and is active.
2. Make sure the BSCAN_SWITCH_USER_MASK device property in Vivado Hardware Manager reflects the user scan chain setting in the design and refresh the device.  To determine the user scan chain setting in the design, open the implemented design and use 'get_property C_USER_SCAN_CHAIN [get_debug_cores dbg_hub]'.
For more details on setting the scan chain property, consult the Vivado Debug and Programming User Guide (UG908).
WARNING: [Labtools 27-3413] Dropping logic core with cellname:'printRX' at location 'uuid_5665932A41425D97A94917EF0113BDA1' from probes file, since it cannot be found on the programmed device.
WARNING: [Labtoolstcl 44-129] No matching hw_ila_data was found.
set_property PROBES.FILE {C:/Users/A/Desktop/EDA234/THERMO/THERMO.runs/impl_1/top.ltx} [get_hw_devices xc7a100t_0]
set_property FULL_PROBES.FILE {C:/Users/A/Desktop/EDA234/THERMO/THERMO.runs/impl_1/top.ltx} [get_hw_devices xc7a100t_0]
set_property PROGRAM.FILE {C:/Users/A/Desktop/EDA234/THERMO/THERMO.runs/impl_1/top.bit} [get_hw_devices xc7a100t_0]
program_hw_devices [get_hw_devices xc7a100t_0]
INFO: [Labtools 27-3164] End of startup status: HIGH
refresh_hw_device [lindex [get_hw_devices xc7a100t_0] 0]
INFO: [Labtools 27-2302] Device xc7a100t (JTAG device index = 0) is programmed with a design that has 1 VIO core(s).
ERROR: [Labtoolstcl 44-513] HW Target shutdown. Closing target: localhost:3121/xilinx_tcf/Digilent/210292AE3C38A
reset_run synth_1
launch_runs impl_1 -to_step write_bitstream -jobs 20
INFO: [Vivado 12-4149] The synthesis checkpoint for IP 'C:/Users/A/Desktop/EDA234/THERMO/THERMO.srcs/sources_1/ip/printf/printf.xci' is already up-to-date
[Thu Dec 19 20:27:17 2024] Launched synth_1...
Run output will be captured here: C:/Users/A/Desktop/EDA234/THERMO/THERMO.runs/synth_1/runme.log
[Thu Dec 19 20:27:17 2024] Launched impl_1...
Run output will be captured here: C:/Users/A/Desktop/EDA234/THERMO/THERMO.runs/impl_1/runme.log
disconnect_hw_server localhost:3121
connect_hw_server -allow_non_jtag
INFO: [Labtools 27-2285] Connecting to hw_server url TCP:localhost:3121
INFO: [Labtools 27-3415] Connecting to cs_server url TCP:localhost:3042
INFO: [Labtools 27-3414] Connected to existing cs_server.
ERROR: [Labtoolstcl 44-494] There is no active target available for server at localhost.
 Targets(s) ", jsn-Nexys A7 -100T-210292AE3C38A" may be locked by another hw_server.
disconnect_hw_server localhost:3121
connect_hw_server -allow_non_jtag
INFO: [Labtools 27-2285] Connecting to hw_server url TCP:localhost:3121
INFO: [Labtools 27-3415] Connecting to cs_server url TCP:localhost:3042
INFO: [Labtools 27-3414] Connected to existing cs_server.
open_hw_target
INFO: [Labtoolstcl 44-466] Opening hw_target localhost:3121/xilinx_tcf/Digilent/210292AE3C38A
set_property PROGRAM.FILE {C:/Users/A/Desktop/EDA234/THERMO/THERMO.runs/impl_1/top.bit} [get_hw_devices xc7a100t_0]
set_property PROBES.FILE {C:/Users/A/Desktop/EDA234/THERMO/THERMO.runs/impl_1/top.ltx} [get_hw_devices xc7a100t_0]
set_property FULL_PROBES.FILE {C:/Users/A/Desktop/EDA234/THERMO/THERMO.runs/impl_1/top.ltx} [get_hw_devices xc7a100t_0]
current_hw_device [get_hw_devices xc7a100t_0]
refresh_hw_device [lindex [get_hw_devices xc7a100t_0] 0]
INFO: [Labtools 27-1434] Device xc7a100t (JTAG device index = 0) is programmed with a design that has no supported debug core(s) in it.
WARNING: [Labtools 27-3361] The debug hub core was not detected.
Resolution: 
1. Make sure the clock connected to the debug hub (dbg_hub) core is a free running clock and is active.
2. Make sure the BSCAN_SWITCH_USER_MASK device property in Vivado Hardware Manager reflects the user scan chain setting in the design and refresh the device.  To determine the user scan chain setting in the design, open the implemented design and use 'get_property C_USER_SCAN_CHAIN [get_debug_cores dbg_hub]'.
For more details on setting the scan chain property, consult the Vivado Debug and Programming User Guide (UG908).
WARNING: [Labtools 27-3413] Dropping logic core with cellname:'printRX' at location 'uuid_5665932A41425D97A94917EF0113BDA1' from probes file, since it cannot be found on the programmed device.
set_property PROBES.FILE {C:/Users/A/Desktop/EDA234/THERMO/THERMO.runs/impl_1/top.ltx} [get_hw_devices xc7a100t_0]
set_property FULL_PROBES.FILE {C:/Users/A/Desktop/EDA234/THERMO/THERMO.runs/impl_1/top.ltx} [get_hw_devices xc7a100t_0]
set_property PROGRAM.FILE {C:/Users/A/Desktop/EDA234/THERMO/THERMO.runs/impl_1/top.bit} [get_hw_devices xc7a100t_0]
program_hw_devices [get_hw_devices xc7a100t_0]
INFO: [Labtools 27-3164] End of startup status: HIGH
refresh_hw_device [lindex [get_hw_devices xc7a100t_0] 0]
INFO: [Labtools 27-2302] Device xc7a100t (JTAG device index = 0) is programmed with a design that has 1 VIO core(s).
set_property PROBES.FILE {C:/Users/A/Desktop/EDA234/THERMO/THERMO.runs/impl_1/top.ltx} [get_hw_devices xc7a100t_0]
set_property FULL_PROBES.FILE {C:/Users/A/Desktop/EDA234/THERMO/THERMO.runs/impl_1/top.ltx} [get_hw_devices xc7a100t_0]
set_property PROGRAM.FILE {C:/Users/A/Desktop/EDA234/THERMO/THERMO.runs/impl_1/top.bit} [get_hw_devices xc7a100t_0]
program_hw_devices [get_hw_devices xc7a100t_0]
INFO: [Labtools 27-3164] End of startup status: HIGH
refresh_hw_device [lindex [get_hw_devices xc7a100t_0] 0]
INFO: [Labtools 27-2302] Device xc7a100t (JTAG device index = 0) is programmed with a design that has 1 VIO core(s).
reset_run synth_1
launch_runs impl_1 -to_step write_bitstream -jobs 20
INFO: [Vivado 12-4149] The synthesis checkpoint for IP 'C:/Users/A/Desktop/EDA234/THERMO/THERMO.srcs/sources_1/ip/printf/printf.xci' is already up-to-date
[Thu Dec 19 20:38:31 2024] Launched synth_1...
Run output will be captured here: C:/Users/A/Desktop/EDA234/THERMO/THERMO.runs/synth_1/runme.log
[Thu Dec 19 20:38:31 2024] Launched impl_1...
Run output will be captured here: C:/Users/A/Desktop/EDA234/THERMO/THERMO.runs/impl_1/runme.log
set_property PROBES.FILE {C:/Users/A/Desktop/EDA234/THERMO/THERMO.runs/impl_1/top.ltx} [get_hw_devices xc7a100t_0]
set_property FULL_PROBES.FILE {C:/Users/A/Desktop/EDA234/THERMO/THERMO.runs/impl_1/top.ltx} [get_hw_devices xc7a100t_0]
set_property PROGRAM.FILE {C:/Users/A/Desktop/EDA234/THERMO/THERMO.runs/impl_1/top.bit} [get_hw_devices xc7a100t_0]
program_hw_devices [get_hw_devices xc7a100t_0]
INFO: [Labtools 27-3164] End of startup status: HIGH
refresh_hw_device [lindex [get_hw_devices xc7a100t_0] 0]
INFO: [Labtools 27-2302] Device xc7a100t (JTAG device index = 0) is programmed with a design that has 1 VIO core(s).
reset_run synth_1
launch_runs impl_1 -to_step write_bitstream -jobs 20
INFO: [Vivado 12-4149] The synthesis checkpoint for IP 'C:/Users/A/Desktop/EDA234/THERMO/THERMO.srcs/sources_1/ip/printf/printf.xci' is already up-to-date
[Thu Dec 19 20:43:16 2024] Launched synth_1...
Run output will be captured here: C:/Users/A/Desktop/EDA234/THERMO/THERMO.runs/synth_1/runme.log
[Thu Dec 19 20:43:16 2024] Launched impl_1...
Run output will be captured here: C:/Users/A/Desktop/EDA234/THERMO/THERMO.runs/impl_1/runme.log
set_property PROBES.FILE {C:/Users/A/Desktop/EDA234/THERMO/THERMO.runs/impl_1/top.ltx} [get_hw_devices xc7a100t_0]
set_property FULL_PROBES.FILE {C:/Users/A/Desktop/EDA234/THERMO/THERMO.runs/impl_1/top.ltx} [get_hw_devices xc7a100t_0]
set_property PROGRAM.FILE {C:/Users/A/Desktop/EDA234/THERMO/THERMO.runs/impl_1/top.bit} [get_hw_devices xc7a100t_0]
program_hw_devices [get_hw_devices xc7a100t_0]
INFO: [Labtools 27-3164] End of startup status: HIGH
refresh_hw_device [lindex [get_hw_devices xc7a100t_0] 0]
INFO: [Labtools 27-2302] Device xc7a100t (JTAG device index = 0) is programmed with a design that has 1 VIO core(s).
ERROR: [Labtoolstcl 44-513] HW Target shutdown. Closing target: localhost:3121/xilinx_tcf/Digilent/210292AE3C38A
reset_run synth_1
launch_runs impl_1 -to_step write_bitstream -jobs 20
INFO: [Vivado 12-4149] The synthesis checkpoint for IP 'C:/Users/A/Desktop/EDA234/THERMO/THERMO.srcs/sources_1/ip/printf/printf.xci' is already up-to-date
[Thu Dec 19 20:48:59 2024] Launched synth_1...
Run output will be captured here: C:/Users/A/Desktop/EDA234/THERMO/THERMO.runs/synth_1/runme.log
[Thu Dec 19 20:48:59 2024] Launched impl_1...
Run output will be captured here: C:/Users/A/Desktop/EDA234/THERMO/THERMO.runs/impl_1/runme.log
INFO: [Labtoolstcl 44-466] Opening hw_target localhost:3121/xilinx_tcf/Digilent/210292AE3C38A
INFO: [Labtools 27-1435] Device xc7a100t (JTAG device index = 0) is not programmed (DONE status = 0).
WARNING: [Labtoolstcl 44-129] No matching hw_ila_data was found.
set_property PROBES.FILE {C:/Users/A/Desktop/EDA234/THERMO/THERMO.runs/impl_1/top.ltx} [get_hw_devices xc7a100t_0]
set_property FULL_PROBES.FILE {C:/Users/A/Desktop/EDA234/THERMO/THERMO.runs/impl_1/top.ltx} [get_hw_devices xc7a100t_0]
set_property PROGRAM.FILE {C:/Users/A/Desktop/EDA234/THERMO/THERMO.runs/impl_1/top.bit} [get_hw_devices xc7a100t_0]
program_hw_devices [get_hw_devices xc7a100t_0]
INFO: [Labtools 27-3164] End of startup status: HIGH
refresh_hw_device [lindex [get_hw_devices xc7a100t_0] 0]
INFO: [Labtools 27-2302] Device xc7a100t (JTAG device index = 0) is programmed with a design that has 2 VIO core(s).
set_property INPUT_VALUE_RADIX BINARY [get_hw_probes find_indoor_inst/data_in -of_objects [get_hw_vios -of_objects [get_hw_devices xc7a100t_0] -filter {CELL_NAME=~"find_indoor_inst/print2"}]]
set_property INPUT_VALUE_RADIX UNSIGNED [get_hw_probes find_indoor_inst/data_in -of_objects [get_hw_vios -of_objects [get_hw_devices xc7a100t_0] -filter {CELL_NAME=~"find_indoor_inst/print2"}]]
reset_run synth_1
launch_runs impl_1 -to_step write_bitstream -jobs 20
INFO: [Vivado 12-4149] The synthesis checkpoint for IP 'C:/Users/A/Desktop/EDA234/THERMO/THERMO.srcs/sources_1/ip/printf/printf.xci' is already up-to-date
[Thu Dec 19 20:53:38 2024] Launched synth_1...
Run output will be captured here: C:/Users/A/Desktop/EDA234/THERMO/THERMO.runs/synth_1/runme.log
[Thu Dec 19 20:53:38 2024] Launched impl_1...
Run output will be captured here: C:/Users/A/Desktop/EDA234/THERMO/THERMO.runs/impl_1/runme.log
set_property PROBES.FILE {C:/Users/A/Desktop/EDA234/THERMO/THERMO.runs/impl_1/top.ltx} [get_hw_devices xc7a100t_0]
set_property FULL_PROBES.FILE {C:/Users/A/Desktop/EDA234/THERMO/THERMO.runs/impl_1/top.ltx} [get_hw_devices xc7a100t_0]
set_property PROGRAM.FILE {C:/Users/A/Desktop/EDA234/THERMO/THERMO.runs/impl_1/top.bit} [get_hw_devices xc7a100t_0]
program_hw_devices [get_hw_devices xc7a100t_0]
INFO: [Labtools 27-3164] End of startup status: HIGH
refresh_hw_device [lindex [get_hw_devices xc7a100t_0] 0]
INFO: [Labtools 27-2302] Device xc7a100t (JTAG device index = 0) is programmed with a design that has 2 VIO core(s).
ERROR: [Xicom 50-38] xicom: Unable to connect to debug core(s) on the target device. Check cable connectivity and that the target board is powered up then use the disconnect_hw_server and connect_hw_server to re-initialize the hardware target. Use open_hw_target to re-register the hardware device.
ERROR: [Xicom 50-38] xicom: Unable to connect to debug core(s) on the target device. Check cable connectivity and that the target board is powered up then use the disconnect_hw_server and connect_hw_server to re-initialize the hardware target. Use open_hw_target to re-register the hardware device.
ERROR: [Labtoolstcl 44-513] HW Target shutdown. Closing target: localhost:3121/xilinx_tcf/Digilent/210292AE3C38A
update_compile_order -fileset sources_1
reset_run synth_1
launch_runs impl_1 -to_step write_bitstream -jobs 20
[Fri Dec 20 00:11:38 2024] Launched synth_1...
Run output will be captured here: C:/Users/A/Desktop/EDA234/THERMO/THERMO.runs/synth_1/runme.log
[Fri Dec 20 00:11:38 2024] Launched impl_1...
Run output will be captured here: C:/Users/A/Desktop/EDA234/THERMO/THERMO.runs/impl_1/runme.log
update_compile_order -fileset sources_1
reset_run synth_1
launch_runs impl_1 -to_step write_bitstream -jobs 20
INFO: [Vivado 12-4149] The synthesis checkpoint for IP 'C:/Users/A/Desktop/EDA234/THERMO/THERMO.srcs/sources_1/ip/printf/printf.xci' is already up-to-date
[Fri Dec 20 00:15:48 2024] Launched synth_1...
Run output will be captured here: C:/Users/A/Desktop/EDA234/THERMO/THERMO.runs/synth_1/runme.log
[Fri Dec 20 00:15:48 2024] Launched impl_1...
Run output will be captured here: C:/Users/A/Desktop/EDA234/THERMO/THERMO.runs/impl_1/runme.log
INFO: [Labtoolstcl 44-466] Opening hw_target localhost:3121/xilinx_tcf/Digilent/210292AE3C38A
INFO: [Labtools 27-1434] Device xc7a100t (JTAG device index = 0) is programmed with a design that has no supported debug core(s) in it.
ERROR: [Common 17-48] File not found: C:/Users/A/Desktop/EDA234/THERMO/THERMO.runs/impl_1/top.ltx
WARNING: [Labtoolstcl 44-129] No matching hw_ila_data was found.
set_property PROBES.FILE {C:/Users/A/Desktop/EDA234/THERMO/THERMO.runs/impl_1/top.ltx} [get_hw_devices xc7a100t_0]
set_property FULL_PROBES.FILE {C:/Users/A/Desktop/EDA234/THERMO/THERMO.runs/impl_1/top.ltx} [get_hw_devices xc7a100t_0]
set_property PROGRAM.FILE {C:/Users/A/Desktop/EDA234/THERMO/THERMO.runs/impl_1/top.bit} [get_hw_devices xc7a100t_0]
program_hw_devices [get_hw_devices xc7a100t_0]
INFO: [Labtools 27-3164] End of startup status: HIGH
refresh_hw_device [lindex [get_hw_devices xc7a100t_0] 0]
INFO: [Labtools 27-2302] Device xc7a100t (JTAG device index = 0) is programmed with a design that has 2 VIO core(s).
ERROR: [Labtoolstcl 44-513] HW Target shutdown. Closing target: localhost:3121/xilinx_tcf/Digilent/210292AE3C38A
reset_run synth_1
launch_runs impl_1 -to_step write_bitstream -jobs 20
INFO: [Vivado 12-4149] The synthesis checkpoint for IP 'C:/Users/A/Desktop/EDA234/THERMO/THERMO.srcs/sources_1/ip/printf/printf.xci' is already up-to-date
[Fri Dec 20 00:22:21 2024] Launched synth_1...
Run output will be captured here: C:/Users/A/Desktop/EDA234/THERMO/THERMO.runs/synth_1/runme.log
[Fri Dec 20 00:22:21 2024] Launched impl_1...
Run output will be captured here: C:/Users/A/Desktop/EDA234/THERMO/THERMO.runs/impl_1/runme.log
INFO: [Labtoolstcl 44-466] Opening hw_target localhost:3121/xilinx_tcf/Digilent/210292AE3C38A
INFO: [Labtools 27-1435] Device xc7a100t (JTAG device index = 0) is not programmed (DONE status = 0).
WARNING: [Labtoolstcl 44-129] No matching hw_ila_data was found.
set_property PROBES.FILE {C:/Users/A/Desktop/EDA234/THERMO/THERMO.runs/impl_1/top.ltx} [get_hw_devices xc7a100t_0]
set_property FULL_PROBES.FILE {C:/Users/A/Desktop/EDA234/THERMO/THERMO.runs/impl_1/top.ltx} [get_hw_devices xc7a100t_0]
set_property PROGRAM.FILE {C:/Users/A/Desktop/EDA234/THERMO/THERMO.runs/impl_1/top.bit} [get_hw_devices xc7a100t_0]
program_hw_devices [get_hw_devices xc7a100t_0]
INFO: [Labtools 27-3164] End of startup status: HIGH
refresh_hw_device [lindex [get_hw_devices xc7a100t_0] 0]
INFO: [Labtools 27-2302] Device xc7a100t (JTAG device index = 0) is programmed with a design that has 2 VIO core(s).
reset_run synth_1
launch_runs impl_1 -to_step write_bitstream -jobs 20
INFO: [Vivado 12-4149] The synthesis checkpoint for IP 'C:/Users/A/Desktop/EDA234/THERMO/THERMO.srcs/sources_1/ip/printf/printf.xci' is already up-to-date
[Fri Dec 20 00:25:34 2024] Launched synth_1...
Run output will be captured here: C:/Users/A/Desktop/EDA234/THERMO/THERMO.runs/synth_1/runme.log
[Fri Dec 20 00:25:34 2024] Launched impl_1...
Run output will be captured here: C:/Users/A/Desktop/EDA234/THERMO/THERMO.runs/impl_1/runme.log
set_property PROBES.FILE {C:/Users/A/Desktop/EDA234/THERMO/THERMO.runs/impl_1/top.ltx} [get_hw_devices xc7a100t_0]
set_property FULL_PROBES.FILE {C:/Users/A/Desktop/EDA234/THERMO/THERMO.runs/impl_1/top.ltx} [get_hw_devices xc7a100t_0]
set_property PROGRAM.FILE {C:/Users/A/Desktop/EDA234/THERMO/THERMO.runs/impl_1/top.bit} [get_hw_devices xc7a100t_0]
program_hw_devices [get_hw_devices xc7a100t_0]
INFO: [Labtools 27-3164] End of startup status: HIGH
refresh_hw_device [lindex [get_hw_devices xc7a100t_0] 0]
INFO: [Labtools 27-2302] Device xc7a100t (JTAG device index = 0) is programmed with a design that has 2 VIO core(s).
reset_run synth_1
launch_runs impl_1 -to_step write_bitstream -jobs 20
INFO: [Vivado 12-4149] The synthesis checkpoint for IP 'C:/Users/A/Desktop/EDA234/THERMO/THERMO.srcs/sources_1/ip/printf/printf.xci' is already up-to-date
[Fri Dec 20 00:30:20 2024] Launched synth_1...
Run output will be captured here: C:/Users/A/Desktop/EDA234/THERMO/THERMO.runs/synth_1/runme.log
[Fri Dec 20 00:30:20 2024] Launched impl_1...
Run output will be captured here: C:/Users/A/Desktop/EDA234/THERMO/THERMO.runs/impl_1/runme.log
reset_run synth_1
launch_runs impl_1 -to_step write_bitstream -jobs 20
INFO: [Vivado 12-4149] The synthesis checkpoint for IP 'C:/Users/A/Desktop/EDA234/THERMO/THERMO.srcs/sources_1/ip/printf/printf.xci' is already up-to-date
[Fri Dec 20 00:33:28 2024] Launched synth_1...
Run output will be captured here: C:/Users/A/Desktop/EDA234/THERMO/THERMO.runs/synth_1/runme.log
[Fri Dec 20 00:33:28 2024] Launched impl_1...
Run output will be captured here: C:/Users/A/Desktop/EDA234/THERMO/THERMO.runs/impl_1/runme.log
reset_run synth_1
launch_runs impl_1 -to_step write_bitstream -jobs 20
INFO: [Vivado 12-4149] The synthesis checkpoint for IP 'C:/Users/A/Desktop/EDA234/THERMO/THERMO.srcs/sources_1/ip/printf/printf.xci' is already up-to-date
[Fri Dec 20 00:34:02 2024] Launched synth_1...
Run output will be captured here: C:/Users/A/Desktop/EDA234/THERMO/THERMO.runs/synth_1/runme.log
[Fri Dec 20 00:34:02 2024] Launched impl_1...
Run output will be captured here: C:/Users/A/Desktop/EDA234/THERMO/THERMO.runs/impl_1/runme.log
set_property PROBES.FILE {C:/Users/A/Desktop/EDA234/THERMO/THERMO.runs/impl_1/top.ltx} [get_hw_devices xc7a100t_0]
set_property FULL_PROBES.FILE {C:/Users/A/Desktop/EDA234/THERMO/THERMO.runs/impl_1/top.ltx} [get_hw_devices xc7a100t_0]
set_property PROGRAM.FILE {C:/Users/A/Desktop/EDA234/THERMO/THERMO.runs/impl_1/top.bit} [get_hw_devices xc7a100t_0]
program_hw_devices [get_hw_devices xc7a100t_0]
INFO: [Labtools 27-3164] End of startup status: HIGH
refresh_hw_device [lindex [get_hw_devices xc7a100t_0] 0]
INFO: [Labtools 27-2302] Device xc7a100t (JTAG device index = 0) is programmed with a design that has 2 VIO core(s).
reset_run synth_1
launch_runs impl_1 -to_step write_bitstream -jobs 20
INFO: [Vivado 12-4149] The synthesis checkpoint for IP 'C:/Users/A/Desktop/EDA234/THERMO/THERMO.srcs/sources_1/ip/printf/printf.xci' is already up-to-date
[Fri Dec 20 00:37:32 2024] Launched synth_1...
Run output will be captured here: C:/Users/A/Desktop/EDA234/THERMO/THERMO.runs/synth_1/runme.log
[Fri Dec 20 00:37:32 2024] Launched impl_1...
Run output will be captured here: C:/Users/A/Desktop/EDA234/THERMO/THERMO.runs/impl_1/runme.log
ERROR: [Labtoolstcl 44-513] HW Target shutdown. Closing target: localhost:3121/xilinx_tcf/Digilent/210292AE3C38A
INFO: [Labtoolstcl 44-466] Opening hw_target localhost:3121/xilinx_tcf/Digilent/210292AE3C38A
INFO: [Labtools 27-1435] Device xc7a100t (JTAG device index = 0) is not programmed (DONE status = 0).
WARNING: [Labtoolstcl 44-129] No matching hw_ila_data was found.
set_property PROBES.FILE {C:/Users/A/Desktop/EDA234/THERMO/THERMO.runs/impl_1/top.ltx} [get_hw_devices xc7a100t_0]
set_property FULL_PROBES.FILE {C:/Users/A/Desktop/EDA234/THERMO/THERMO.runs/impl_1/top.ltx} [get_hw_devices xc7a100t_0]
set_property PROGRAM.FILE {C:/Users/A/Desktop/EDA234/THERMO/THERMO.runs/impl_1/top.bit} [get_hw_devices xc7a100t_0]
program_hw_devices [get_hw_devices xc7a100t_0]
INFO: [Labtools 27-3164] End of startup status: HIGH
refresh_hw_device [lindex [get_hw_devices xc7a100t_0] 0]
INFO: [Labtools 27-2302] Device xc7a100t (JTAG device index = 0) is programmed with a design that has 2 VIO core(s).
ERROR: [Labtoolstcl 44-513] HW Target shutdown. Closing target: localhost:3121/xilinx_tcf/Digilent/210292AE3C38A
reset_run synth_1
launch_runs impl_1 -to_step write_bitstream -jobs 20
INFO: [Vivado 12-4149] The synthesis checkpoint for IP 'C:/Users/A/Desktop/EDA234/THERMO/THERMO.srcs/sources_1/ip/printf/printf.xci' is already up-to-date
[Fri Dec 20 00:43:52 2024] Launched synth_1...
Run output will be captured here: C:/Users/A/Desktop/EDA234/THERMO/THERMO.runs/synth_1/runme.log
[Fri Dec 20 00:43:52 2024] Launched impl_1...
Run output will be captured here: C:/Users/A/Desktop/EDA234/THERMO/THERMO.runs/impl_1/runme.log
INFO: [Labtoolstcl 44-466] Opening hw_target localhost:3121/xilinx_tcf/Digilent/210292AE3C38A
INFO: [Labtools 27-1435] Device xc7a100t (JTAG device index = 0) is not programmed (DONE status = 0).
WARNING: [Labtoolstcl 44-129] No matching hw_ila_data was found.
set_property PROBES.FILE {C:/Users/A/Desktop/EDA234/THERMO/THERMO.runs/impl_1/top.ltx} [get_hw_devices xc7a100t_0]
set_property FULL_PROBES.FILE {C:/Users/A/Desktop/EDA234/THERMO/THERMO.runs/impl_1/top.ltx} [get_hw_devices xc7a100t_0]
set_property PROGRAM.FILE {C:/Users/A/Desktop/EDA234/THERMO/THERMO.runs/impl_1/top.bit} [get_hw_devices xc7a100t_0]
program_hw_devices [get_hw_devices xc7a100t_0]
INFO: [Labtools 27-3164] End of startup status: HIGH
refresh_hw_device [lindex [get_hw_devices xc7a100t_0] 0]
INFO: [Labtools 27-2302] Device xc7a100t (JTAG device index = 0) is programmed with a design that has 2 VIO core(s).
ERROR: [Labtoolstcl 44-513] HW Target shutdown. Closing target: localhost:3121/xilinx_tcf/Digilent/210292AE3C38A
INFO: [Labtoolstcl 44-466] Opening hw_target localhost:3121/xilinx_tcf/Digilent/210292AE3C38A
INFO: [Labtools 27-1435] Device xc7a100t (JTAG device index = 0) is not programmed (DONE status = 0).
WARNING: [Labtoolstcl 44-129] No matching hw_ila_data was found.
set_property PROBES.FILE {C:/Users/A/Desktop/EDA234/THERMO/THERMO.runs/impl_1/top.ltx} [get_hw_devices xc7a100t_0]
set_property FULL_PROBES.FILE {C:/Users/A/Desktop/EDA234/THERMO/THERMO.runs/impl_1/top.ltx} [get_hw_devices xc7a100t_0]
set_property PROGRAM.FILE {C:/Users/A/Desktop/EDA234/THERMO/THERMO.runs/impl_1/top.bit} [get_hw_devices xc7a100t_0]
program_hw_devices [get_hw_devices xc7a100t_0]
INFO: [Labtools 27-3164] End of startup status: HIGH
refresh_hw_device [lindex [get_hw_devices xc7a100t_0] 0]
INFO: [Labtools 27-2302] Device xc7a100t (JTAG device index = 0) is programmed with a design that has 2 VIO core(s).
ERROR: [Labtoolstcl 44-513] HW Target shutdown. Closing target: localhost:3121/xilinx_tcf/Digilent/210292AE3C38A
reset_run synth_1
launch_runs impl_1 -to_step write_bitstream -jobs 20
INFO: [Vivado 12-4149] The synthesis checkpoint for IP 'C:/Users/A/Desktop/EDA234/THERMO/THERMO.srcs/sources_1/ip/printf/printf.xci' is already up-to-date
[Fri Dec 20 00:52:39 2024] Launched synth_1...
Run output will be captured here: C:/Users/A/Desktop/EDA234/THERMO/THERMO.runs/synth_1/runme.log
[Fri Dec 20 00:52:39 2024] Launched impl_1...
Run output will be captured here: C:/Users/A/Desktop/EDA234/THERMO/THERMO.runs/impl_1/runme.log
INFO: [Labtoolstcl 44-466] Opening hw_target localhost:3121/xilinx_tcf/Digilent/210292AE3C38A
INFO: [Labtools 27-1435] Device xc7a100t (JTAG device index = 0) is not programmed (DONE status = 0).
WARNING: [Labtoolstcl 44-129] No matching hw_ila_data was found.
set_property PROBES.FILE {C:/Users/A/Desktop/EDA234/THERMO/THERMO.runs/impl_1/top.ltx} [get_hw_devices xc7a100t_0]
set_property FULL_PROBES.FILE {C:/Users/A/Desktop/EDA234/THERMO/THERMO.runs/impl_1/top.ltx} [get_hw_devices xc7a100t_0]
set_property PROGRAM.FILE {C:/Users/A/Desktop/EDA234/THERMO/THERMO.runs/impl_1/top.bit} [get_hw_devices xc7a100t_0]
program_hw_devices [get_hw_devices xc7a100t_0]
INFO: [Labtools 27-3164] End of startup status: HIGH
refresh_hw_device [lindex [get_hw_devices xc7a100t_0] 0]
INFO: [Labtools 27-2302] Device xc7a100t (JTAG device index = 0) is programmed with a design that has 2 VIO core(s).
ERROR: [Xicom 50-38] xicom: Unable to connect to debug core(s) on the target device. Check cable connectivity and that the target board is powered up then use the disconnect_hw_server and connect_hw_server to re-initialize the hardware target. Use open_hw_target to re-register the hardware device.
ERROR: [Xicom 50-38] xicom: Unable to connect to debug core(s) on the target device. Check cable connectivity and that the target board is powered up then use the disconnect_hw_server and connect_hw_server to re-initialize the hardware target. Use open_hw_target to re-register the hardware device.
ERROR: [Labtoolstcl 44-513] HW Target shutdown. Closing target: localhost:3121/xilinx_tcf/Digilent/210292AE3C38A
reset_run synth_1
launch_runs impl_1 -to_step write_bitstream -jobs 20
INFO: [Vivado 12-4149] The synthesis checkpoint for IP 'C:/Users/A/Desktop/EDA234/THERMO/THERMO.srcs/sources_1/ip/printf/printf.xci' is already up-to-date
[Fri Dec 20 00:55:59 2024] Launched synth_1...
Run output will be captured here: C:/Users/A/Desktop/EDA234/THERMO/THERMO.runs/synth_1/runme.log
[Fri Dec 20 00:55:59 2024] Launched impl_1...
Run output will be captured here: C:/Users/A/Desktop/EDA234/THERMO/THERMO.runs/impl_1/runme.log
INFO: [Labtoolstcl 44-466] Opening hw_target localhost:3121/xilinx_tcf/Digilent/210292AE3C38A
INFO: [Labtools 27-1435] Device xc7a100t (JTAG device index = 0) is not programmed (DONE status = 0).
WARNING: [Labtoolstcl 44-129] No matching hw_ila_data was found.
set_property PROBES.FILE {C:/Users/A/Desktop/EDA234/THERMO/THERMO.runs/impl_1/top.ltx} [get_hw_devices xc7a100t_0]
set_property FULL_PROBES.FILE {C:/Users/A/Desktop/EDA234/THERMO/THERMO.runs/impl_1/top.ltx} [get_hw_devices xc7a100t_0]
set_property PROGRAM.FILE {C:/Users/A/Desktop/EDA234/THERMO/THERMO.runs/impl_1/top.bit} [get_hw_devices xc7a100t_0]
program_hw_devices [get_hw_devices xc7a100t_0]
INFO: [Labtools 27-3164] End of startup status: HIGH
refresh_hw_device [lindex [get_hw_devices xc7a100t_0] 0]
INFO: [Labtools 27-2302] Device xc7a100t (JTAG device index = 0) is programmed with a design that has 2 VIO core(s).
ERROR: [Labtoolstcl 44-513] HW Target shutdown. Closing target: localhost:3121/xilinx_tcf/Digilent/210292AE3C38A
reset_run synth_1
launch_runs impl_1 -to_step write_bitstream -jobs 20
INFO: [Vivado 12-4149] The synthesis checkpoint for IP 'C:/Users/A/Desktop/EDA234/THERMO/THERMO.srcs/sources_1/ip/printf/printf.xci' is already up-to-date
[Fri Dec 20 00:59:07 2024] Launched synth_1...
Run output will be captured here: C:/Users/A/Desktop/EDA234/THERMO/THERMO.runs/synth_1/runme.log
[Fri Dec 20 00:59:07 2024] Launched impl_1...
Run output will be captured here: C:/Users/A/Desktop/EDA234/THERMO/THERMO.runs/impl_1/runme.log
INFO: [Labtoolstcl 44-466] Opening hw_target localhost:3121/xilinx_tcf/Digilent/210292AE3C38A
INFO: [Labtools 27-1435] Device xc7a100t (JTAG device index = 0) is not programmed (DONE status = 0).
WARNING: [Labtoolstcl 44-129] No matching hw_ila_data was found.
set_property PROBES.FILE {C:/Users/A/Desktop/EDA234/THERMO/THERMO.runs/impl_1/top.ltx} [get_hw_devices xc7a100t_0]
set_property FULL_PROBES.FILE {C:/Users/A/Desktop/EDA234/THERMO/THERMO.runs/impl_1/top.ltx} [get_hw_devices xc7a100t_0]
set_property PROGRAM.FILE {C:/Users/A/Desktop/EDA234/THERMO/THERMO.runs/impl_1/top.bit} [get_hw_devices xc7a100t_0]
program_hw_devices [get_hw_devices xc7a100t_0]
INFO: [Labtools 27-3164] End of startup status: HIGH
refresh_hw_device [lindex [get_hw_devices xc7a100t_0] 0]
INFO: [Labtools 27-2302] Device xc7a100t (JTAG device index = 0) is programmed with a design that has 2 VIO core(s).
ERROR: [Labtoolstcl 44-513] HW Target shutdown. Closing target: localhost:3121/xilinx_tcf/Digilent/210292AE3C38A
INFO: [Labtoolstcl 44-466] Opening hw_target localhost:3121/xilinx_tcf/Digilent/210292AE3C38A
INFO: [Labtools 27-1435] Device xc7a100t (JTAG device index = 0) is not programmed (DONE status = 0).
WARNING: [Labtoolstcl 44-129] No matching hw_ila_data was found.
set_property PROBES.FILE {C:/Users/A/Desktop/EDA234/THERMO/THERMO.runs/impl_1/top.ltx} [get_hw_devices xc7a100t_0]
set_property FULL_PROBES.FILE {C:/Users/A/Desktop/EDA234/THERMO/THERMO.runs/impl_1/top.ltx} [get_hw_devices xc7a100t_0]
set_property PROGRAM.FILE {C:/Users/A/Desktop/EDA234/THERMO/THERMO.runs/impl_1/top.bit} [get_hw_devices xc7a100t_0]
program_hw_devices [get_hw_devices xc7a100t_0]
INFO: [Labtools 27-3164] End of startup status: HIGH
refresh_hw_device [lindex [get_hw_devices xc7a100t_0] 0]
INFO: [Labtools 27-2302] Device xc7a100t (JTAG device index = 0) is programmed with a design that has 2 VIO core(s).
ERROR: [Labtoolstcl 44-513] HW Target shutdown. Closing target: localhost:3121/xilinx_tcf/Digilent/210292AE3C38A
reset_run synth_1
launch_runs impl_1 -to_step write_bitstream -jobs 20
INFO: [Vivado 12-4149] The synthesis checkpoint for IP 'C:/Users/A/Desktop/EDA234/THERMO/THERMO.srcs/sources_1/ip/printf/printf.xci' is already up-to-date
[Fri Dec 20 01:03:18 2024] Launched synth_1...
Run output will be captured here: C:/Users/A/Desktop/EDA234/THERMO/THERMO.runs/synth_1/runme.log
[Fri Dec 20 01:03:18 2024] Launched impl_1...
Run output will be captured here: C:/Users/A/Desktop/EDA234/THERMO/THERMO.runs/impl_1/runme.log
INFO: [Labtoolstcl 44-466] Opening hw_target localhost:3121/xilinx_tcf/Digilent/210292AE3C38A
INFO: [Labtools 27-1435] Device xc7a100t (JTAG device index = 0) is not programmed (DONE status = 0).
WARNING: [Labtoolstcl 44-129] No matching hw_ila_data was found.
set_property PROBES.FILE {C:/Users/A/Desktop/EDA234/THERMO/THERMO.runs/impl_1/top.ltx} [get_hw_devices xc7a100t_0]
set_property FULL_PROBES.FILE {C:/Users/A/Desktop/EDA234/THERMO/THERMO.runs/impl_1/top.ltx} [get_hw_devices xc7a100t_0]
set_property PROGRAM.FILE {C:/Users/A/Desktop/EDA234/THERMO/THERMO.runs/impl_1/top.bit} [get_hw_devices xc7a100t_0]
program_hw_devices [get_hw_devices xc7a100t_0]
INFO: [Labtools 27-3164] End of startup status: HIGH
refresh_hw_device [lindex [get_hw_devices xc7a100t_0] 0]
INFO: [Labtools 27-2302] Device xc7a100t (JTAG device index = 0) is programmed with a design that has 2 VIO core(s).
ERROR: [Labtoolstcl 44-513] HW Target shutdown. Closing target: localhost:3121/xilinx_tcf/Digilent/210292AE3C38A
INFO: [Labtoolstcl 44-466] Opening hw_target localhost:3121/xilinx_tcf/Digilent/210292AE3C38A
INFO: [Labtools 27-1435] Device xc7a100t (JTAG device index = 0) is not programmed (DONE status = 0).
WARNING: [Labtoolstcl 44-129] No matching hw_ila_data was found.
set_property PROBES.FILE {C:/Users/A/Desktop/EDA234/THERMO/THERMO.runs/impl_1/top.ltx} [get_hw_devices xc7a100t_0]
set_property FULL_PROBES.FILE {C:/Users/A/Desktop/EDA234/THERMO/THERMO.runs/impl_1/top.ltx} [get_hw_devices xc7a100t_0]
set_property PROGRAM.FILE {C:/Users/A/Desktop/EDA234/THERMO/THERMO.runs/impl_1/top.bit} [get_hw_devices xc7a100t_0]
program_hw_devices [get_hw_devices xc7a100t_0]
INFO: [Labtools 27-3164] End of startup status: HIGH
refresh_hw_device [lindex [get_hw_devices xc7a100t_0] 0]
INFO: [Labtools 27-2302] Device xc7a100t (JTAG device index = 0) is programmed with a design that has 2 VIO core(s).
ERROR: [Labtoolstcl 44-513] HW Target shutdown. Closing target: localhost:3121/xilinx_tcf/Digilent/210292AE3C38A
reset_run synth_1
launch_runs impl_1 -to_step write_bitstream -jobs 20
INFO: [Vivado 12-4149] The synthesis checkpoint for IP 'C:/Users/A/Desktop/EDA234/THERMO/THERMO.srcs/sources_1/ip/printf/printf.xci' is already up-to-date
[Fri Dec 20 01:23:25 2024] Launched synth_1...
Run output will be captured here: C:/Users/A/Desktop/EDA234/THERMO/THERMO.runs/synth_1/runme.log
[Fri Dec 20 01:23:25 2024] Launched impl_1...
Run output will be captured here: C:/Users/A/Desktop/EDA234/THERMO/THERMO.runs/impl_1/runme.log
INFO: [Labtoolstcl 44-466] Opening hw_target localhost:3121/xilinx_tcf/Digilent/210292AE3C38A
INFO: [Labtools 27-1435] Device xc7a100t (JTAG device index = 0) is not programmed (DONE status = 0).
WARNING: [Labtoolstcl 44-129] No matching hw_ila_data was found.
set_property PROBES.FILE {C:/Users/A/Desktop/EDA234/THERMO/THERMO.runs/impl_1/top.ltx} [get_hw_devices xc7a100t_0]
set_property FULL_PROBES.FILE {C:/Users/A/Desktop/EDA234/THERMO/THERMO.runs/impl_1/top.ltx} [get_hw_devices xc7a100t_0]
set_property PROGRAM.FILE {C:/Users/A/Desktop/EDA234/THERMO/THERMO.runs/impl_1/top.bit} [get_hw_devices xc7a100t_0]
program_hw_devices [get_hw_devices xc7a100t_0]
INFO: [Labtools 27-3164] End of startup status: HIGH
refresh_hw_device [lindex [get_hw_devices xc7a100t_0] 0]
INFO: [Labtools 27-2302] Device xc7a100t (JTAG device index = 0) is programmed with a design that has 2 VIO core(s).
ERROR: [Labtoolstcl 44-513] HW Target shutdown. Closing target: localhost:3121/xilinx_tcf/Digilent/210292AE3C38A
reset_run synth_1
launch_runs impl_1 -to_step write_bitstream -jobs 20
INFO: [Vivado 12-4149] The synthesis checkpoint for IP 'C:/Users/A/Desktop/EDA234/THERMO/THERMO.srcs/sources_1/ip/printf/printf.xci' is already up-to-date
[Fri Dec 20 01:43:06 2024] Launched synth_1...
Run output will be captured here: C:/Users/A/Desktop/EDA234/THERMO/THERMO.runs/synth_1/runme.log
[Fri Dec 20 01:43:06 2024] Launched impl_1...
Run output will be captured here: C:/Users/A/Desktop/EDA234/THERMO/THERMO.runs/impl_1/runme.log
INFO: [Labtoolstcl 44-466] Opening hw_target localhost:3121/xilinx_tcf/Digilent/210292AE3C38A
INFO: [Labtools 27-1435] Device xc7a100t (JTAG device index = 0) is not programmed (DONE status = 0).
WARNING: [Labtoolstcl 44-129] No matching hw_ila_data was found.
set_property PROBES.FILE {C:/Users/A/Desktop/EDA234/THERMO/THERMO.runs/impl_1/top.ltx} [get_hw_devices xc7a100t_0]
set_property FULL_PROBES.FILE {C:/Users/A/Desktop/EDA234/THERMO/THERMO.runs/impl_1/top.ltx} [get_hw_devices xc7a100t_0]
set_property PROGRAM.FILE {C:/Users/A/Desktop/EDA234/THERMO/THERMO.runs/impl_1/top.bit} [get_hw_devices xc7a100t_0]
program_hw_devices [get_hw_devices xc7a100t_0]
INFO: [Labtools 27-3164] End of startup status: HIGH
refresh_hw_device [lindex [get_hw_devices xc7a100t_0] 0]
INFO: [Labtools 27-2302] Device xc7a100t (JTAG device index = 0) is programmed with a design that has 2 VIO core(s).
reset_run synth_1
launch_runs impl_1 -to_step write_bitstream -jobs 20
INFO: [Vivado 12-4149] The synthesis checkpoint for IP 'C:/Users/A/Desktop/EDA234/THERMO/THERMO.srcs/sources_1/ip/printf/printf.xci' is already up-to-date
[Fri Dec 20 01:46:36 2024] Launched synth_1...
Run output will be captured here: C:/Users/A/Desktop/EDA234/THERMO/THERMO.runs/synth_1/runme.log
[Fri Dec 20 01:46:36 2024] Launched impl_1...
Run output will be captured here: C:/Users/A/Desktop/EDA234/THERMO/THERMO.runs/impl_1/runme.log
ERROR: [Xicom 50-38] xicom: Unable to connect to debug core(s) on the target device. Check cable connectivity and that the target board is powered up then use the disconnect_hw_server and connect_hw_server to re-initialize the hardware target. Use open_hw_target to re-register the hardware device.
ERROR: [Xicom 50-38] xicom: Unable to connect to debug core(s) on the target device. Check cable connectivity and that the target board is powered up then use the disconnect_hw_server and connect_hw_server to re-initialize the hardware target. Use open_hw_target to re-register the hardware device.
ERROR: [Labtoolstcl 44-513] HW Target shutdown. Closing target: localhost:3121/xilinx_tcf/Digilent/210292AE3C38A
INFO: [Labtoolstcl 44-466] Opening hw_target localhost:3121/xilinx_tcf/Digilent/210292AE3C38A
INFO: [Labtools 27-1435] Device xc7a100t (JTAG device index = 0) is not programmed (DONE status = 0).
WARNING: [Labtoolstcl 44-129] No matching hw_ila_data was found.
set_property PROBES.FILE {C:/Users/A/Desktop/EDA234/THERMO/THERMO.runs/impl_1/top.ltx} [get_hw_devices xc7a100t_0]
set_property FULL_PROBES.FILE {C:/Users/A/Desktop/EDA234/THERMO/THERMO.runs/impl_1/top.ltx} [get_hw_devices xc7a100t_0]
set_property PROGRAM.FILE {C:/Users/A/Desktop/EDA234/THERMO/THERMO.runs/impl_1/top.bit} [get_hw_devices xc7a100t_0]
program_hw_devices [get_hw_devices xc7a100t_0]
INFO: [Labtools 27-3164] End of startup status: HIGH
refresh_hw_device [lindex [get_hw_devices xc7a100t_0] 0]
INFO: [Labtools 27-2302] Device xc7a100t (JTAG device index = 0) is programmed with a design that has 2 VIO core(s).
reset_run synth_1
launch_runs impl_1 -to_step write_bitstream -jobs 20
INFO: [Vivado 12-4149] The synthesis checkpoint for IP 'C:/Users/A/Desktop/EDA234/THERMO/THERMO.srcs/sources_1/ip/printf/printf.xci' is already up-to-date
[Fri Dec 20 01:50:41 2024] Launched synth_1...
Run output will be captured here: C:/Users/A/Desktop/EDA234/THERMO/THERMO.runs/synth_1/runme.log
[Fri Dec 20 01:50:41 2024] Launched impl_1...
Run output will be captured here: C:/Users/A/Desktop/EDA234/THERMO/THERMO.runs/impl_1/runme.log
ERROR: [Xicom 50-38] xicom: Unable to connect to debug core(s) on the target device. Check cable connectivity and that the target board is powered up then use the disconnect_hw_server and connect_hw_server to re-initialize the hardware target. Use open_hw_target to re-register the hardware device.
ERROR: [Xicom 50-38] xicom: Unable to connect to debug core(s) on the target device. Check cable connectivity and that the target board is powered up then use the disconnect_hw_server and connect_hw_server to re-initialize the hardware target. Use open_hw_target to re-register the hardware device.
ERROR: [Labtoolstcl 44-513] HW Target shutdown. Closing target: localhost:3121/xilinx_tcf/Digilent/210292AE3C38A
INFO: [Labtoolstcl 44-466] Opening hw_target localhost:3121/xilinx_tcf/Digilent/210292AE3C38A
INFO: [Labtools 27-1435] Device xc7a100t (JTAG device index = 0) is not programmed (DONE status = 0).
WARNING: [Labtoolstcl 44-129] No matching hw_ila_data was found.
set_property PROBES.FILE {C:/Users/A/Desktop/EDA234/THERMO/THERMO.runs/impl_1/top.ltx} [get_hw_devices xc7a100t_0]
set_property FULL_PROBES.FILE {C:/Users/A/Desktop/EDA234/THERMO/THERMO.runs/impl_1/top.ltx} [get_hw_devices xc7a100t_0]
set_property PROGRAM.FILE {C:/Users/A/Desktop/EDA234/THERMO/THERMO.runs/impl_1/top.bit} [get_hw_devices xc7a100t_0]
program_hw_devices [get_hw_devices xc7a100t_0]
INFO: [Labtools 27-3164] End of startup status: HIGH
refresh_hw_device [lindex [get_hw_devices xc7a100t_0] 0]
INFO: [Labtools 27-2302] Device xc7a100t (JTAG device index = 0) is programmed with a design that has 2 VIO core(s).
reset_run synth_1
launch_runs impl_1 -to_step write_bitstream -jobs 20
INFO: [Vivado 12-4149] The synthesis checkpoint for IP 'C:/Users/A/Desktop/EDA234/THERMO/THERMO.srcs/sources_1/ip/printf/printf.xci' is already up-to-date
[Fri Dec 20 01:54:40 2024] Launched synth_1...
Run output will be captured here: C:/Users/A/Desktop/EDA234/THERMO/THERMO.runs/synth_1/runme.log
[Fri Dec 20 01:54:40 2024] Launched impl_1...
Run output will be captured here: C:/Users/A/Desktop/EDA234/THERMO/THERMO.runs/impl_1/runme.log
set_property PROBES.FILE {C:/Users/A/Desktop/EDA234/THERMO/THERMO.runs/impl_1/top.ltx} [get_hw_devices xc7a100t_0]
set_property FULL_PROBES.FILE {C:/Users/A/Desktop/EDA234/THERMO/THERMO.runs/impl_1/top.ltx} [get_hw_devices xc7a100t_0]
set_property PROGRAM.FILE {C:/Users/A/Desktop/EDA234/THERMO/THERMO.runs/impl_1/top.bit} [get_hw_devices xc7a100t_0]
program_hw_devices [get_hw_devices xc7a100t_0]
INFO: [Labtools 27-3164] End of startup status: HIGH
refresh_hw_device [lindex [get_hw_devices xc7a100t_0] 0]
INFO: [Labtools 27-2302] Device xc7a100t (JTAG device index = 0) is programmed with a design that has 2 VIO core(s).
ERROR: [Labtoolstcl 44-513] HW Target shutdown. Closing target: localhost:3121/xilinx_tcf/Digilent/210292AE3C38A
reset_run synth_1
launch_runs impl_1 -to_step write_bitstream -jobs 20
INFO: [Vivado 12-4149] The synthesis checkpoint for IP 'C:/Users/A/Desktop/EDA234/THERMO/THERMO.srcs/sources_1/ip/printf/printf.xci' is already up-to-date
[Fri Dec 20 02:02:04 2024] Launched synth_1...
Run output will be captured here: C:/Users/A/Desktop/EDA234/THERMO/THERMO.runs/synth_1/runme.log
[Fri Dec 20 02:02:04 2024] Launched impl_1...
Run output will be captured here: C:/Users/A/Desktop/EDA234/THERMO/THERMO.runs/impl_1/runme.log
INFO: [Labtoolstcl 44-466] Opening hw_target localhost:3121/xilinx_tcf/Digilent/210292AE3C38A
INFO: [Labtools 27-1435] Device xc7a100t (JTAG device index = 0) is not programmed (DONE status = 0).
WARNING: [Labtoolstcl 44-129] No matching hw_ila_data was found.
set_property PROBES.FILE {C:/Users/A/Desktop/EDA234/THERMO/THERMO.runs/impl_1/top.ltx} [get_hw_devices xc7a100t_0]
set_property FULL_PROBES.FILE {C:/Users/A/Desktop/EDA234/THERMO/THERMO.runs/impl_1/top.ltx} [get_hw_devices xc7a100t_0]
set_property PROGRAM.FILE {C:/Users/A/Desktop/EDA234/THERMO/THERMO.runs/impl_1/top.bit} [get_hw_devices xc7a100t_0]
program_hw_devices [get_hw_devices xc7a100t_0]
INFO: [Labtools 27-3164] End of startup status: HIGH
refresh_hw_device [lindex [get_hw_devices xc7a100t_0] 0]
INFO: [Labtools 27-2302] Device xc7a100t (JTAG device index = 0) is programmed with a design that has 2 VIO core(s).
ERROR: [Labtoolstcl 44-513] HW Target shutdown. Closing target: localhost:3121/xilinx_tcf/Digilent/210292AE3C38A
reset_run synth_1
launch_runs impl_1 -to_step write_bitstream -jobs 20
INFO: [Vivado 12-4149] The synthesis checkpoint for IP 'C:/Users/A/Desktop/EDA234/THERMO/THERMO.srcs/sources_1/ip/printf/printf.xci' is already up-to-date
[Fri Dec 20 02:07:37 2024] Launched synth_1...
Run output will be captured here: C:/Users/A/Desktop/EDA234/THERMO/THERMO.runs/synth_1/runme.log
[Fri Dec 20 02:07:37 2024] Launched impl_1...
Run output will be captured here: C:/Users/A/Desktop/EDA234/THERMO/THERMO.runs/impl_1/runme.log
INFO: [Labtoolstcl 44-466] Opening hw_target localhost:3121/xilinx_tcf/Digilent/210292AE3C38A
INFO: [Labtools 27-1435] Device xc7a100t (JTAG device index = 0) is not programmed (DONE status = 0).
WARNING: [Labtoolstcl 44-129] No matching hw_ila_data was found.
set_property PROBES.FILE {C:/Users/A/Desktop/EDA234/THERMO/THERMO.runs/impl_1/top.ltx} [get_hw_devices xc7a100t_0]
set_property FULL_PROBES.FILE {C:/Users/A/Desktop/EDA234/THERMO/THERMO.runs/impl_1/top.ltx} [get_hw_devices xc7a100t_0]
set_property PROGRAM.FILE {C:/Users/A/Desktop/EDA234/THERMO/THERMO.runs/impl_1/top.bit} [get_hw_devices xc7a100t_0]
program_hw_devices [get_hw_devices xc7a100t_0]
INFO: [Labtools 27-3164] End of startup status: HIGH
refresh_hw_device [lindex [get_hw_devices xc7a100t_0] 0]
INFO: [Labtools 27-2302] Device xc7a100t (JTAG device index = 0) is programmed with a design that has 2 VIO core(s).
ERROR: [Xicom 50-38] xicom: Unable to connect to debug core(s) on the target device. Check cable connectivity and that the target board is powered up then use the disconnect_hw_server and connect_hw_server to re-initialize the hardware target. Use open_hw_target to re-register the hardware device.
ERROR: [Xicom 50-38] xicom: Unable to connect to debug core(s) on the target device. Check cable connectivity and that the target board is powered up then use the disconnect_hw_server and connect_hw_server to re-initialize the hardware target. Use open_hw_target to re-register the hardware device.
ERROR: [Labtoolstcl 44-513] HW Target shutdown. Closing target: localhost:3121/xilinx_tcf/Digilent/210292AE3C38A
